202 000 Consulta realizada com sucesso
324
05651966001184 5 0309899 13/09/2018 79430682002176
527
202 000 Consulta realizada com sucesso
324
05651966001184 5 0309741 13/09/2018 79430682004624
528
202 000 Consulta realizada com sucesso
324
05651966001184 5 0309736 13/09/2018 79430682003148
45
19442
35402759004172 107 0016176 13/09/2018 79430682003148
529
64612
eformsConsultarColdDFeRetorno-031-999909-20-09-201812-05-23.xml
202 000 Consulta realizada com sucesso
324
05651966001184 5 0309768 13/09/2018 79430682015740
244
14914
01206820000954 3 8795340 06/09/2018 79430682015740
245
33580
01206820000954 3 8796422 06/09/2018 79430682015740
246
46378
01206820000954 3 8795500 06/09/2018 79430682015740
531
78392
05651966001184 5 0310107 13/09/2018 79430682015740
247
91498
01206820000954 3 8797197 06/09/2018 79430682015740
248
102792
01206820000954 3 8794239 06/09/2018 79430682015740
249
114122
01206820000954 3 8797804 06/09/2018 79430682015740
250
126900
05651966001184 5 0310125 13/09/2018 79430682015740
251
202 000 Consulta realizada com sucesso
324
33069212001237 1 0336355 13/09/2018 79430682025540
407
10742
22092230000160 1 0009755 13/09/2018 79430682025540
408
26508
22092230000160 1 0009752 13/09/2018 79430682025540
409
42274
22020871000100 1 0006158 13/09/2018 79430682025540
410
61476
07757548000120 2 1348284 13/09/2018 79430682025540
411
74154
33069212001237 1 0336354 13/09/2018 79430682025540
412
84640
00317372000499 1 0158924 13/09/2018 79430682025540
413
96306
33051491001201 1 0009597 11/09/2018 79430682025540
525
125296
06105362000123 1 0340320 13/09/2018 79430682025540
414
144394
17440261000125 9 0066561 13/09/2018 79430682025540
415
155012
02943733000195 1 0024814 13/09/2018 79430682025540
416
165018
02943733000195 1 0024813 13/09/2018 79430682025540
417
196772
16754226000118 2 0004422 13/09/2018 79430682025540
418
207202
60831658002110 11 0318121 13/09/2018 79430682025540
419
218664
02290277002337 5 0034222 13/09/2018 79430682025540
420
230234
02932074004260 4 0012261 13/09/2018 79430682025540
526
273812
02290277002337 5 0034221 13/09/2018 79430682025540
421
