002 - 000-Consulta realizada com sucesso
45453214002286 13 0848186 12/09/2018 79430682000122
5
45453214002286 13 0848191 12/09/2018 79430682000122
6
45453214002286 13 0848183 12/09/2018 79430682000122
7
45453214002286 13 0848188 12/09/2018 79430682000122
8
45453214002286 13 0848185 12/09/2018 79430682000122
9
004 - 000-Consulta realizada com sucesso
05651966001184 5 0309599 13/09/2018 79430682000203
10
05651966001184 5 0309996 13/09/2018 79430682000203
11
005 - 000-Consulta realizada com sucesso
05651966001184 5 0309869 13/09/2018 79430682000394
12
003 - 000-Consulta realizada com sucesso
45453214002286 13 0847764 12/09/2018 79430682000475
13
45453214002286 13 0847767 12/09/2018 79430682000475
14
45453214002286 13 0847757 12/09/2018 79430682000475
15
45453214002286 13 0847776 12/09/2018 79430682000475
16
001 - 000-Consulta realizada com sucesso
05651966001184 5 0309642 13/09/2018 79430682000556
17
05651966001184 5 0310230 13/09/2018 79430682000556
18
006 - 000-Nao foram encontrados documentos para conexao cold 400 e CNPJ 79430682000637.
007 - 000-Consulta realizada com sucesso
05651966001184 5 0309743 13/09/2018 79430682000718
19
05651966001184 5 0310148 13/09/2018 79430682000718
20
008 - 000-Consulta realizada com sucesso
45453214002286 13 0848087 12/09/2018 79430682000807
21
45453214002286 13 0848082 12/09/2018 79430682000807
22
05651966001184 5 0309884 13/09/2018 79430682000807
23
010 - 000-Consulta realizada com sucesso
45453214002286 13 0847736 12/09/2018 79430682001102
24
05651966001184 1 0258266 13/09/2018 79430682001102
25
05651966001184 5 0309993 13/09/2018 79430682001102
26
011 - 000-Consulta realizada com sucesso
05651966001184 5 0309600 13/09/2018 79430682001285
27
281 - 000-Consulta realizada com sucesso
05651966001184 5 0309637 13/09/2018 79430682001366
28
45453214002286 13 0848268 13/09/2018 79430682001366
29
013 - 000-Nao foram encontrados documentos para conexao cold 400 e CNPJ 79430682001528.
015 - 000-Consulta realizada com sucesso
05651966001184 5 0309921 13/09/2018 79430682001609
30
276 - 000-Consulta realizada com sucesso
05651966001184 5 0309695 13/09/2018 79430682001790
31
05651966001184 5 0309885 13/09/2018 79430682001790
32
018 - 000-Consulta realizada com sucesso
05651966001184 5 0309664 13/09/2018 79430682001870
33
05651966001184 5 0309915 13/09/2018 79430682001870
34
270 - 000-Consulta realizada com sucesso
05651966001184 5 0309745 13/09/2018 79430682001951
35
020 - 000-Nao foram encontrados documentos para conexao cold 400 e CNPJ 79430682002095.
021 - 000-Consulta realizada com sucesso
022 - 000-Consulta realizada com sucesso
05651966001184 5 0309729 13/09/2018 79430682002257
36
500 - 000-Nao foram encontrados documentos para conexao cold 400 e CNPJ 79430682002338.
024 - 000-Consulta realizada com sucesso
05651966001184 5 0309754 13/09/2018 79430682002419
37
026 - 000-Consulta realizada com sucesso
05651966001184 5 0309783 13/09/2018 79430682002508
38
05651966001184 5 0309891 13/09/2018 79430682002508
39
017 - 000-Consulta realizada com sucesso
05651966001184 5 0309658 13/09/2018 79430682002680
40
05651966001184 5 0309941 13/09/2018 79430682002680
41
061 - 000-Consulta realizada com sucesso
05651966001184 5 0310163 13/09/2018 79430682002761
42
014 - 000-Consulta realizada com sucesso
05651966001184 5 0309976 13/09/2018 79430682002842
43
028 - 000-Consulta realizada com sucesso
05651966001184 5 0310081 13/09/2018 79430682002923
44
031 - 000-Consulta realizada com sucesso
05651966001184 5 0309736 13/09/2018 79430682003148
45
030 - 000-Consulta realizada com sucesso
05651966001184 5 0309727 13/09/2018 79430682003229
46
032 - 000-Consulta realizada com sucesso
05651966001184 5 0309597 13/09/2018 79430682003300
47
033 - 000-Consulta realizada com sucesso
45453214002286 13 0848150 12/09/2018 79430682003490
48
45453214002286 13 0848159 12/09/2018 79430682003490
49
45453214002286 13 0848155 12/09/2018 79430682003490
50
45453214002286 13 0848169 12/09/2018 79430682003490
51
45453214002286 13 0848164 12/09/2018 79430682003490
52
45453214002286 13 0848165 12/09/2018 79430682003490
53
05651966001184 1 0258313 13/09/2018 79430682003490
54
05651966001184 5 0309726 13/09/2018 79430682003490
55
05651966001184 5 0309942 13/09/2018 79430682003490
56
05651966001184 5 0310003 13/09/2018 79430682003490
57
034 - 000-Consulta realizada com sucesso
05651966001184 5 0309635 13/09/2018 79430682003571
58
042 - 000-Nao foram encontrados documentos para conexao cold 400 e CNPJ 79430682003652.
036 - 000-Consulta realizada com sucesso
45453214002286 13 0847737 12/09/2018 79430682003733
59
05651966001184 5 0309865 13/09/2018 79430682003733
60
05651966001184 5 0309983 13/09/2018 79430682003733
61
037 - 000-Consulta realizada com sucesso
05651966001184 5 0309769 13/09/2018 79430682003814
62
039 - 000-Consulta realizada com sucesso
45453214002286 13 0848098 12/09/2018 79430682003903
63
45453214002286 13 0848100 12/09/2018 79430682003903
64
45453214002286 13 0848101 12/09/2018 79430682003903
65
45453214002286 13 0848102 12/09/2018 79430682003903
66
45453214002286 13 0848099 12/09/2018 79430682003903
67
05651966001184 5 0309705 13/09/2018 79430682003903
68
274 - 000-Consulta realizada com sucesso
05651966001184 5 0309681 13/09/2018 79430682004039
69
040 - 000-Consulta realizada com sucesso
05651966001184 5 0309975 13/09/2018 79430682004110
70
05651966001184 5 0310101 13/09/2018 79430682004110
71
292 - 000-Consulta realizada com sucesso
45453214002286 13 0848092 12/09/2018 79430682004209
72
45453214002286 13 0848096 12/09/2018 79430682004209
73
45453214002286 13 0848095 12/09/2018 79430682004209
74
45453214002286 13 0848093 12/09/2018 79430682004209
75
45453214002286 13 0848097 12/09/2018 79430682004209
76
45453214002286 13 0848094 12/09/2018 79430682004209
77
05651966001184 5 0309728 13/09/2018 79430682004209
78
285 - 000-Consulta realizada com sucesso
45453214002286 13 0847770 12/09/2018 79430682004381
79
45453214002286 13 0847768 12/09/2018 79430682004381
80
044 - 000-Consulta realizada com sucesso
05651966001184 5 0309645 13/09/2018 79430682004462
81
05651966001184 5 0309929 13/09/2018 79430682004462
82
025 - 000-Nao foram encontrados documentos para conexao cold 400 e CNPJ 79430682004543.
029 - 000-Consulta realizada com sucesso
045 - 000-Consulta realizada com sucesso
81887838000655 2 0336298 13/09/2018 79430682004705
83
05651966001184 5 0309678 13/09/2018 79430682004705
84
35402759004172 103 0019002 13/09/2018 79430682004705
85
05651966001184 5 0309973 13/09/2018 79430682004705
86
05651966001184 5 0309974 13/09/2018 79430682004705
87
05651966001184 5 0309992 13/09/2018 79430682004705
88
047 - 000-Consulta realizada com sucesso
05651966001184 5 0310132 13/09/2018 79430682004896
89
046 - 000-Consulta realizada com sucesso
05651966001184 5 0310082 13/09/2018 79430682004977
90
051 - 000-Consulta realizada com sucesso
05651966001184 5 0309874 13/09/2018 79430682005000
91
05651966001184 5 0310005 13/09/2018 79430682005000
92
052 - 000-Consulta realizada com sucesso
05651966001184 5 0309602 13/09/2018 79430682005191
93
050 - 000-Consulta realizada com sucesso
05651966001184 5 0309764 13/09/2018 79430682005272
94
048 - 000-Nao foram encontrados documentos para conexao cold 400 e CNPJ 79430682005353.
035 - 000-Nao foram encontrados documentos para conexao cold 400 e CNPJ 79430682005434.
054 - 000-Nao foram encontrados documentos para conexao cold 400 e CNPJ 79430682005515.
053 - 000-Consulta realizada com sucesso
05651966001184 5 0309872 13/09/2018 79430682005604
95
056 - 000-Consulta realizada com sucesso
05651966001184 5 0310146 13/09/2018 79430682005787
96
049 - 000-Consulta realizada com sucesso
05651966001184 5 0309873 13/09/2018 79430682005868
97
055 - 000-Nao foram encontrados documentos para conexao cold 400 e CNPJ 79430682005949.
058 - 000-Consulta realizada com sucesso
05651966001184 5 0309945 13/09/2018 79430682006082
98
271 - 000-Consulta realizada com sucesso
05651966001184 5 0310080 13/09/2018 79430682006163
99
063 - 000-Consulta realizada com sucesso
05651966001184 5 0310004 13/09/2018 79430682006244
100
059 - 000-Consulta realizada com sucesso
05651966001184 5 0309731 13/09/2018 79430682006325
101
062 - 000-Consulta realizada com sucesso
45453214002286 13 0848035 12/09/2018 79430682006406
102
45453214002286 13 0848036 12/09/2018 79430682006406
103
45453214002286 13 0848038 12/09/2018 79430682006406
104
45453214002286 13 0848034 12/09/2018 79430682006406
105
45453214002286 13 0848037 12/09/2018 79430682006406
106
05651966001184 5 0309644 13/09/2018 79430682006406
107
05651966001184 5 0310149 13/09/2018 79430682006406
108
644 - 000-Nao foram encontrados documentos para conexao cold 400 e CNPJ 79430682006597.
064 - 000-Consulta realizada com sucesso
01206820000520 3 6987528 13/09/2018 79430682006678
109
01206820000520 3 6987909 13/09/2018 79430682006678
110
065 - 000-Consulta realizada com sucesso
05651966001184 5 0309657 13/09/2018 79430682006759
111
275 - 000-Consulta realizada com sucesso
05651966001184 5 0309758 13/09/2018 79430682006830
112
027 - 000-Consulta realizada com sucesso
45453214002286 13 0847708 12/09/2018 79430682006910
113
05651966001184 5 0309882 13/09/2018 79430682006910
114
066 - 000-Consulta realizada com sucesso
05651966001184 5 0309892 13/09/2018 79430682007054
115
05651966001184 5 0310088 13/09/2018 79430682007054
116
070 - 000-Consulta realizada com sucesso
22367857000187 1 0072611 13/09/2018 79430682007135
117
45453214002286 13 0848273 13/09/2018 79430682007135
118
05651966001184 5 0309926 13/09/2018 79430682007135
119
05651966001184 5 0310224 13/09/2018 79430682007135
120
071 - 000-Consulta realizada com sucesso
05651966001184 5 0309652 13/09/2018 79430682007216
121
45453214002286 13 0848317 13/09/2018 79430682007216
122
45453214002286 13 0848726 13/09/2018 79430682007216
123
45453214002286 13 0848725 13/09/2018 79430682007216
124
072 - 000-Consulta realizada com sucesso
45453214002286 13 0848527 13/09/2018 79430682007305
125
05651966001184 5 0310185 13/09/2018 79430682007305
126
068 - 000-Consulta realizada com sucesso
45453214002286 13 0848387 13/09/2018 79430682007488
127
069 - 000-Consulta realizada com sucesso
05651966001184 5 0309878 13/09/2018 79430682007569
128
05651966001184 5 0310074 13/09/2018 79430682007569
129
073 - 000-Consulta realizada com sucesso
05651966001184 5 0310035 13/09/2018 79430682007640
130
067 - 000-Consulta realizada com sucesso
05651966001184 5 0309923 13/09/2018 79430682007720
131
05651966001184 5 0310136 13/09/2018 79430682007720
132
074 - 000-Consulta realizada com sucesso
45453214002286 13 0847712 12/09/2018 79430682007801
133
05651966001184 5 0310168 13/09/2018 79430682007801
134
076 - 000-Consulta realizada com sucesso
05651966001184 5 0309957 13/09/2018 79430682007992
135
077 - 000-Consulta realizada com sucesso
05651966001184 5 0309925 13/09/2018 79430682008026
136
075 - 000-Nao foram encontrados documentos para conexao cold 400 e CNPJ 79430682008107.
081 - 000-Consulta realizada com sucesso
05651966001184 5 0310064 13/09/2018 79430682008298
137
079 - 000-Nao foram encontrados documentos para conexao cold 400 e CNPJ 79430682008379.
080 - 000-Consulta realizada com sucesso
45453214002286 13 0848321 13/09/2018 79430682008450
138
078 - 000-Consulta realizada com sucesso
05651966001184 5 0309880 13/09/2018 79430682008530
139
45453214002286 13 0848688 13/09/2018 79430682008530
140
05651966001184 5 0310223 13/09/2018 79430682008530
141
130 - 000-Consulta realizada com sucesso
45453214002286 13 0847811 12/09/2018 79430682008611
142
05651966001184 5 0310086 13/09/2018 79430682008611
143
128 - 000-Consulta realizada com sucesso
05651966001184 5 0309761 13/09/2018 79430682008700
144
126 - 000-Consulta realizada com sucesso
35402759004172 110 0019370 13/09/2018 79430682008883
145
05651966001184 5 0309918 13/09/2018 79430682008883
146
129 - 000-Nao foram encontrados documentos para conexao cold 400 e CNPJ 79430682008964.
082 - 000-Nao foram encontrados documentos para conexao cold 400 e CNPJ 79430682009006.
280 - 000-Nao foram encontrados documentos para conexao cold 400 e CNPJ 79430682009189.
084 - 000-Consulta realizada com sucesso
45453214002286 13 0848272 13/09/2018 79430682009260
147
05651966001184 5 0309653 13/09/2018 79430682009260
148
45453214002286 13 0848562 13/09/2018 79430682009260
149
085 - 000-Consulta realizada com sucesso
45453214002286 13 0848274 13/09/2018 79430682009340
150
45453214002286 13 0848567 13/09/2018 79430682009340
151
05651966001184 5 0310186 13/09/2018 79430682009340
152
086 - 000-Consulta realizada com sucesso
45453214002286 13 0848455 13/09/2018 79430682009421
153
05651966001184 5 0310096 13/09/2018 79430682009421
154
087 - 000-Consulta realizada com sucesso
05651966001184 5 0310069 13/09/2018 79430682009502
155
089 - 000-Consulta realizada com sucesso
35402759004172 103 0018999 13/09/2018 79430682009693
156
05651966001184 5 0310130 13/09/2018 79430682009693
157
091 - 000-Nao foram encontrados documentos para conexao cold 400 e CNPJ 79430682009774.
090 - 000-Consulta realizada com sucesso
05651966001184 5 0309669 13/09/2018 79430682009855
158
45453214002286 13 0848281 13/09/2018 79430682009855
159
092 - 000-Nao foram encontrados documentos para conexao cold 400 e CNPJ 79430682010004.
093 - 000-Consulta realizada com sucesso
05651966001184 5 0309836 13/09/2018 79430682010195
160
096 - 000-Nao foram encontrados documentos para conexao cold 400 e CNPJ 79430682010438.
298 - 000-Nao foram encontrados documentos para conexao cold 400 e CNPJ 79430682010519.
098 - 000-Consulta realizada com sucesso
45453214002286 13 0848225 13/09/2018 79430682010608
161
05651966001184 5 0310144 13/09/2018 79430682010608
162
097 - 000-Consulta realizada com sucesso
45453214002286 13 0848558 13/09/2018 79430682010780
163
45453214002286 13 0848559 13/09/2018 79430682010780
164
45453214002286 13 0848560 13/09/2018 79430682010780
165
104 - 000-Nao foram encontrados documentos para conexao cold 400 e CNPJ 79430682010861.
101 - 000-Consulta realizada com sucesso
45453214002286 13 0848563 13/09/2018 79430682010942
166
45453214002286 13 0848564 13/09/2018 79430682010942
167
05651966001184 5 0309972 13/09/2018 79430682010942
168
291 - 000-Consulta realizada com sucesso
45453214002286 13 0848282 13/09/2018 79430682011086
169
45453214002286 13 0848618 13/09/2018 79430682011086
170
118 - 000-Consulta realizada com sucesso
05651966001184 5 0309622 13/09/2018 79430682011248
171
106 - 000-Consulta realizada com sucesso
45453214002286 13 0848033 12/09/2018 79430682011329
172
45453214002286 13 0848031 12/09/2018 79430682011329
173
45453214002286 13 0848032 12/09/2018 79430682011329
174
45453214002286 13 0848029 12/09/2018 79430682011329
175
05651966001184 5 0309626 13/09/2018 79430682011329
176
134 - 000-Consulta realizada com sucesso
05651966001184 5 0309643 13/09/2018 79430682011400
177
294 - 000-Nao foram encontrados documentos para conexao cold 400 e CNPJ 79430682011590.
296 - 000-Consulta realizada com sucesso
05651966001184 5 0309737 13/09/2018 79430682011671
178
45453214002286 13 0848426 13/09/2018 79430682011671
179
116 - 000-Consulta realizada com sucesso
05651966001184 5 0309919 13/09/2018 79430682011752
180
125 - 000-Consulta realizada com sucesso
05651966001184 5 0309661 13/09/2018 79430682012139
181
113 - 000-Consulta realizada com sucesso
45453214002286 13 0848062 12/09/2018 79430682012210
182
45453214002286 13 0848060 12/09/2018 79430682012210
183
05651966001184 5 0310099 13/09/2018 79430682012210
184
103 - 000-Consulta realizada com sucesso
45453214002286 13 0848192 12/09/2018 79430682012309
185
45453214002286 13 0848187 12/09/2018 79430682012309
186
45453214002286 13 0848184 12/09/2018 79430682012309
187
45453214002286 13 0848190 12/09/2018 79430682012309
188
45453214002286 13 0848189 12/09/2018 79430682012309
189
133 - 000-Consulta realizada com sucesso
05651966001184 5 0310104 13/09/2018 79430682012481
190
110 - 000-Consulta realizada com sucesso
05651966001184 5 0309704 13/09/2018 79430682012562
191
123 - 000-Consulta realizada com sucesso
35402759004172 104 0014443 13/09/2018 79430682012643
192
111 - 000-Consulta realizada com sucesso
05651966001184 5 0309660 13/09/2018 79430682012724
193
109 - 000-Consulta realizada com sucesso
05651966001184 5 0310156 13/09/2018 79430682012805
194
108 - 000-Consulta realizada com sucesso
05651966001184 5 0309625 13/09/2018 79430682012996
195
05651966001184 5 0309883 13/09/2018 79430682012996
196
329 - 000-Consulta realizada com sucesso
05651966001184 1 0258259 13/09/2018 79430682013020
197
45453214002286 13 0848576 13/09/2018 79430682013020
198
45453214002286 13 0848400 13/09/2018 79430682013020
199
201 - 000-Nao foram encontrados documentos para conexao cold 400 e CNPJ 79430682013100.
117 - 000-Consulta realizada com sucesso
45453214002286 13 0848216 13/09/2018 79430682013291
200
115 - 000-Nao foram encontrados documentos para conexao cold 400 e CNPJ 79430682013372.
132 - 000-Consulta realizada com sucesso
45453214002286 13 0848176 12/09/2018 79430682013453
201
45453214002286 13 0848177 12/09/2018 79430682013453
202
45453214002286 13 0848175 12/09/2018 79430682013453
203
45453214002286 13 0848174 12/09/2018 79430682013453
204
05651966001184 5 0310079 13/09/2018 79430682013453
205
316 - 000-Consulta realizada com sucesso
45453214002286 13 0848573 13/09/2018 79430682013534
206
45453214002286 13 0848572 13/09/2018 79430682013534
207
088 - 000-Consulta realizada com sucesso
05651966001184 5 0309646 13/09/2018 79430682013615
208
05651966001184 5 0310165 13/09/2018 79430682013615
209
127 - 000-Consulta realizada com sucesso
45453214002286 13 0848166 12/09/2018 79430682013704
210
45453214002286 13 0848163 12/09/2018 79430682013704
211
105 - 000-Consulta realizada com sucesso
05651966001184 5 0310102 13/09/2018 79430682013968
212
023 - 000-Consulta realizada com sucesso
45453214002286 13 0848054 12/09/2018 79430682014000
213
45453214002286 13 0848057 12/09/2018 79430682014000
214
45453214002286 13 0848046 12/09/2018 79430682014000
215
05651966001184 5 0309598 13/09/2018 79430682014000
216
45453214002286 13 0848048 12/09/2018 79430682014000
217
05651966001184 5 0310055 13/09/2018 79430682014000
218
119 - 000-Consulta realizada com sucesso
45453214002286 13 0848324 13/09/2018 79430682014182
219
45453214002286 13 0848825 13/09/2018 79430682014182
220
121 - 000-Consulta realizada com sucesso
05651966001184 5 0309627 13/09/2018 79430682014263
221
139 - 000-Nao foram encontrados documentos para conexao cold 400 e CNPJ 79430682014344.
140 - 000-Consulta realizada com sucesso
05651966001184 5 0310087 13/09/2018 79430682014425
222
138 - 000-Consulta realizada com sucesso
05651966001184 5 0309647 13/09/2018 79430682014506
223
45453214002286 13 0848293 13/09/2018 79430682014506
224
45453214002286 13 0848663 13/09/2018 79430682014506
225
05651966001184 5 0310153 13/09/2018 79430682014506
226
05651966001184 5 0310218 13/09/2018 79430682014506
227
141 - 000-Consulta realizada com sucesso
45453214002286 13 0847925 12/09/2018 79430682014697
228
45453214002286 13 0847923 12/09/2018 79430682014697
229
45453214002286 13 0847919 12/09/2018 79430682014697
230
45453214002286 13 0847927 12/09/2018 79430682014697
231
05651966001184 1 0258363 13/09/2018 79430682014697
232
05651966001184 5 0310100 13/09/2018 79430682014697
233
112 - 000-Nao foram encontrados documentos para conexao cold 400 e CNPJ 79430682014778.
099 - 000-Consulta realizada com sucesso
05651966001184 5 0309760 13/09/2018 79430682014859
234
05651966001184 5 0309946 13/09/2018 79430682014859
235
142 - 000-Consulta realizada com sucesso
45453214002286 13 0848246 13/09/2018 79430682014930
236
05651966001184 5 0310059 13/09/2018 79430682014930
237
143 - 000-Consulta realizada com sucesso
45453214002286 13 0848181 12/09/2018 79430682015073
238
45453214002286 13 0848178 12/09/2018 79430682015073
239
604 - 000-Nao foram encontrados documentos para conexao cold 400 e CNPJ 79430682015405.
147 - 000-Consulta realizada com sucesso
05651966000455 21 0480839 13/09/2018 79430682015588
240
01206820000520 3 6987558 13/09/2018 79430682015588
241
45453214001042 16 0383741 13/09/2018 79430682015588
242
01206820000520 3 6988521 13/09/2018 79430682015588
243
148 - 000-Nao foram encontrados documentos para conexao cold 400 e CNPJ 79430682015669.
149 - 000-Consulta realizada com sucesso
05651966001184 5 0309768 13/09/2018 79430682015740
244
01206820000954 3 8795340 06/09/2018 79430682015740
245
01206820000954 3 8796422 06/09/2018 79430682015740
246
05651966001184 5 0310107 13/09/2018 79430682015740
247
01206820000954 3 8797197 06/09/2018 79430682015740
248
01206820000954 3 8794239 06/09/2018 79430682015740
249
01206820000954 3 8797804 06/09/2018 79430682015740
250
05651966001184 5 0310125 13/09/2018 79430682015740
251
145 - 000-Consulta realizada com sucesso
45453214002286 13 0848431 13/09/2018 79430682015820
252
45453214002286 13 0848754 13/09/2018 79430682015820
253
144 - 000-Consulta realizada com sucesso
45453214002286 13 0848565 13/09/2018 79430682015901
254
45453214002286 13 0848566 13/09/2018 79430682015901
255
05651966001184 5 0309895 13/09/2018 79430682015901
256
05651966001184 5 0310184 13/09/2018 79430682015901
257
150 - 000-Nao foram encontrados documentos para conexao cold 400 e CNPJ 79430682016045.
151 - 000-Consulta realizada com sucesso
45453214002286 13 0848247 13/09/2018 79430682016126
258
45453214002286 13 0848484 13/09/2018 79430682016126
259
45453214002286 13 0848482 13/09/2018 79430682016126
260
45453214002286 13 0848664 13/09/2018 79430682016126
261
152 - 000-Consulta realizada com sucesso
05651966001184 5 0309767 13/09/2018 79430682016207
262
45453214002286 13 0848453 13/09/2018 79430682016207
263
45453214002286 13 0848454 13/09/2018 79430682016207
264
299 - 000-Consulta realizada com sucesso
05651966001184 5 0309573 13/09/2018 79430682016398
265
154 - 000-Consulta realizada com sucesso
45453214002286 13 0848375 13/09/2018 79430682016479
266
45453214002286 13 0848791 13/09/2018 79430682016479
267
45453214002286 13 0848792 13/09/2018 79430682016479
268
45453214002286 13 0848790 13/09/2018 79430682016479
269
155 - 000-Nao foram encontrados documentos para conexao cold 400 e CNPJ 79430682016550.
156 - 000-Consulta realizada com sucesso
05651966001184 5 0309556 13/09/2018 79430682016630
270
05651966001184 5 0309876 13/09/2018 79430682016630
271
157 - 000-Consulta realizada com sucesso
45453214002286 13 0848063 12/09/2018 79430682016711
272
45453214002286 13 0848065 12/09/2018 79430682016711
273
45453214002286 13 0848066 12/09/2018 79430682016711
274
05651966001184 5 0310131 13/09/2018 79430682016711
275
158 - 000-Consulta realizada com sucesso
05651966001184 5 0309668 13/09/2018 79430682016983
276
45453214002286 13 0848823 13/09/2018 79430682016983
277
160 - 000-Nao foram encontrados documentos para conexao cold 400 e CNPJ 79430682017017.
161 - 000-Consulta realizada com sucesso
05651966001184 5 0309849 13/09/2018 79430682017106
278
278 - 000-Consulta realizada com sucesso
45453214002286 13 0847758 12/09/2018 79430682017289
279
45453214002286 13 0847762 12/09/2018 79430682017289
280
165 - 000-Consulta realizada com sucesso
01206820000520 3 6988606 13/09/2018 79430682017360
281
167 - 000-Consulta realizada com sucesso
05651966001184 5 0310151 13/09/2018 79430682017440
282
163 - 000-Consulta realizada com sucesso
01206820000954 3 8830883 13/09/2018 79430682017521
283
168 - 000-Consulta realizada com sucesso
45453214002286 13 0848167 12/09/2018 79430682017602
284
45453214002286 13 0848152 12/09/2018 79430682017602
285
45453214002286 13 0848161 12/09/2018 79430682017602
286
45453214002286 13 0848157 12/09/2018 79430682017602
287
05651966001184 5 0309753 13/09/2018 79430682017602
288
279 - 000-Consulta realizada com sucesso
05651966001184 5 0309601 13/09/2018 79430682017874
289
05651966001184 5 0310057 13/09/2018 79430682017874
290
328 - 000-Consulta realizada com sucesso
05651966001184 5 0309665 13/09/2018 79430682017955
291
172 - 000-Consulta realizada com sucesso
45453214002286 13 0848053 12/09/2018 79430682018099
292
45453214002286 13 0848055 12/09/2018 79430682018099
293
45453214002286 13 0848056 12/09/2018 79430682018099
294
45453214002286 13 0848058 12/09/2018 79430682018099
295
05651966001184 5 0309679 13/09/2018 79430682018099
296
170 - 000-Consulta realizada com sucesso
45453214002286 13 0847947 12/09/2018 79430682018250
297
05651966001184 5 0309659 13/09/2018 79430682018250
298
05651966001184 5 0309832 13/09/2018 79430682018250
299
05651966001184 5 0309984 13/09/2018 79430682018250
300
174 - 000-Nao foram encontrados documentos para conexao cold 400 e CNPJ 79430682018331.
173 - 000-Nao foram encontrados documentos para conexao cold 400 e CNPJ 79430682018501.
177 - 000-Consulta realizada com sucesso
45453214002286 13 0848114 12/09/2018 79430682018684
301
45453214002286 13 0848116 12/09/2018 79430682018684
302
45453214002286 13 0848115 12/09/2018 79430682018684
303
05651966001184 5 0309696 13/09/2018 79430682018684
304
176 - 000-Consulta realizada com sucesso
45453214002286 13 0848172 12/09/2018 79430682018765
305
45453214002286 13 0848173 12/09/2018 79430682018765
306
286 - 000-Consulta realizada com sucesso
05651966001184 5 0309894 13/09/2018 79430682018846
307
05651966001184 5 0310154 13/09/2018 79430682018846
308
179 - 000-Consulta realizada com sucesso
45453214002286 13 0848318 13/09/2018 79430682018927
309
181 - 000-Consulta realizada com sucesso
05651966001184 5 0309875 13/09/2018 79430682019060
310
180 - 000-Nao foram encontrados documentos para conexao cold 400 e CNPJ 79430682019141.
100 - 000-Consulta realizada com sucesso
05651966001184 5 0309898 13/09/2018 79430682019222
311
182 - 000-Consulta realizada com sucesso
05651966001184 5 0309837 13/09/2018 79430682019303
312
05651966001184 5 0310152 13/09/2018 79430682019303
313
183 - 000-Consulta realizada com sucesso
05651966001184 5 0309777 13/09/2018 79430682019494
314
45453214002286 13 0848568 13/09/2018 79430682019494
315
45453214002286 13 0848616 13/09/2018 79430682019494
316
05651966001184 5 0310106 13/09/2018 79430682019494
317
185 - 000-Consulta realizada com sucesso
05651966000455 21 0481176 13/09/2018 79430682019575
318
184 - 000-Consulta realizada com sucesso
45453214002286 13 0847715 12/09/2018 79430682019656
319
45453214002286 13 0847717 12/09/2018 79430682019656
320
45453214002286 13 0847716 12/09/2018 79430682019656
321
45453214002286 13 0847704 12/09/2018 79430682019656
322
45453214002286 13 0847710 12/09/2018 79430682019656
323
258 - 000-Consulta realizada com sucesso
05651966001184 5 0309877 13/09/2018 79430682019737
324
187 - 000-Consulta realizada com sucesso
01206820000520 3 6987387 13/09/2018 79430682019818
325
188 - 000-Consulta realizada com sucesso
05651966001184 5 0309770 13/09/2018 79430682020077
326
190 - 000-Nao foram encontrados documentos para conexao cold 400 e CNPJ 79430682020158.
191 - 000-Consulta realizada com sucesso
05651966001184 5 0309868 13/09/2018 79430682020239
327
192 - 000-Nao foram encontrados documentos para conexao cold 400 e CNPJ 79430682020310.
193 - 000-Consulta realizada com sucesso
05651966001184 5 0309724 13/09/2018 79430682020409
328
05651966001184 5 0310140 13/09/2018 79430682020409
329
194 - 000-Consulta realizada com sucesso
45453214002286 13 0848109 12/09/2018 79430682020581
330
45453214002286 13 0848111 12/09/2018 79430682020581
331
45453214002286 13 0848113 12/09/2018 79430682020581
332
272 - 000-Consulta realizada com sucesso
45453214002286 13 0848106 12/09/2018 79430682020743
333
45453214002286 13 0848105 12/09/2018 79430682020743
334
45453214002286 13 0848108 12/09/2018 79430682020743
335
45453214002286 13 0848104 12/09/2018 79430682020743
336
05651966001184 5 0309864 13/09/2018 79430682020743
337
05651966001184 5 0310147 13/09/2018 79430682020743
338
197 - 000-Consulta realizada com sucesso
05651966001184 5 0309751 13/09/2018 79430682020824
339
45453214002286 13 0848234 13/09/2018 79430682020824
340
45453214002286 13 0848235 13/09/2018 79430682020824
341
45453214002286 13 0848705 13/09/2018 79430682020824
342
198 - 000-Consulta realizada com sucesso
05651966001184 5 0309648 13/09/2018 79430682021049
343
45453214002286 13 0848219 13/09/2018 79430682021049
344
199 - 000-Nao foram encontrados documentos para conexao cold 400 e CNPJ 79430682021120.
200 - 000-Consulta realizada com sucesso
45453214002286 13 0848366 13/09/2018 79430682021200
345
45453214002286 13 0848634 13/09/2018 79430682021200
346
284 - 000-Consulta realizada com sucesso
05651966001184 5 0309662 13/09/2018 79430682021391
347
204 - 000-Nao foram encontrados documentos para conexao cold 400 e CNPJ 79430682021553.
300 - 000-Consulta realizada com sucesso
05651966001184 5 0309709 13/09/2018 79430682021634
348
206 - 000-Consulta realizada com sucesso
45453214001042 16 0383796 13/09/2018 79430682021715
349
207 - 000-Nao foram encontrados documentos para conexao cold 400 e CNPJ 79430682021804.
208 - 000-Consulta realizada com sucesso
05651966001184 5 0309749 13/09/2018 79430682021987
350
45453214002286 13 0848706 13/09/2018 79430682021987
351
05651966001184 5 0310046 13/09/2018 79430682021987
352
210 - 000-Consulta realizada com sucesso
05651966001184 5 0309577 13/09/2018 79430682022010
353
05651966001184 5 0310037 13/09/2018 79430682022010
354
209 - 000-Nao foram encontrados documentos para conexao cold 400 e CNPJ 79430682022100.
211 - 000-Consulta realizada com sucesso
05651966001184 5 0309781 13/09/2018 79430682022282
355
45453214002286 13 0848471 13/09/2018 79430682022282
356
05651966001184 5 0309860 13/09/2018 79430682022282
357
45453214002286 13 0848655 13/09/2018 79430682022282
358
05651966001184 5 0310115 13/09/2018 79430682022282
359
212 - 000-Consulta realizada com sucesso
45453214002286 13 0848704 13/09/2018 79430682022363
360
213 - 000-Consulta realizada com sucesso
45453214002286 13 0848180 12/09/2018 79430682022444
361
45453214002286 13 0848182 12/09/2018 79430682022444
362
05651966001184 5 0309649 13/09/2018 79430682022444
363
05651966001184 5 0309958 13/09/2018 79430682022444
364
290 - 000-Consulta realizada com sucesso
05651966001184 5 0309897 13/09/2018 79430682022525
365
44463156000770 57 0729179 13/09/2018 79430682022525
366
45453214002286 13 0848359 13/09/2018 79430682022525
367
215 - 000-Nao foram encontrados documentos para conexao cold 400 e CNPJ 79430682022606.
216 - 000-Nao foram encontrados documentos para conexao cold 400 e CNPJ 79430682022797.
217 - 000-Consulta realizada com sucesso
05651966001184 5 0310022 13/09/2018 79430682022878
368
220 - 000-Consulta realizada com sucesso
45453214002286 13 0848388 13/09/2018 79430682022959
369
05651966001184 5 0310095 13/09/2018 79430682022959
370
218 - 000-Consulta realizada com sucesso
45453214002286 13 0848487 13/09/2018 79430682023092
371
45453214002286 13 0848485 13/09/2018 79430682023092
372
45453214002286 13 0848486 13/09/2018 79430682023092
373
05651966001184 5 0309893 13/09/2018 79430682023092
374
221 - 000-Consulta realizada com sucesso
45453214002286 13 0848822 13/09/2018 79430682023173
375
219 - 000-Consulta realizada com sucesso
05651966001184 5 0309871 13/09/2018 79430682023254
376
224 - 000-Nao foram encontrados documentos para conexao cold 400 e CNPJ 79430682023335.
225 - 000-Nao foram encontrados documentos para conexao cold 400 e CNPJ 79430682023416.
222 - 000-Consulta realizada com sucesso
05651966000455 21 0481066 13/09/2018 79430682023505
377
45453214001042 16 0383853 13/09/2018 79430682023505
378
45453214001042 16 0384037 13/09/2018 79430682023505
379
227 - 000-Nao foram encontrados documentos para conexao cold 400 e CNPJ 79430682023688.
282 - 000-Consulta realizada com sucesso
45453214002286 13 0848394 13/09/2018 79430682023769
380
05651966001184 5 0309896 13/09/2018 79430682023769
381
05651966001184 5 0310187 13/09/2018 79430682023769
382
223 - 000-Consulta realizada com sucesso
05651966000455 21 0480803 13/09/2018 79430682023840
383
283 - 000-Consulta realizada com sucesso
45453214002286 13 0847924 12/09/2018 79430682023920
384
45453214002286 13 0847916 12/09/2018 79430682023920
385
05651966001184 5 0309890 13/09/2018 79430682023920
386
234 - 000-Nao foram encontrados documentos para conexao cold 400 e CNPJ 79430682024064.
229 - 000-Consulta realizada com sucesso
05651966000455 21 0480354 13/09/2018 79430682024145
387
01206820000520 3 6987326 13/09/2018 79430682024145
388
01206820000520 3 6987402 13/09/2018 79430682024145
389
01206820000520 3 6987948 13/09/2018 79430682024145
390
228 - 000-Consulta realizada com sucesso
05651966000455 21 0480895 13/09/2018 79430682024226
391
269 - 000-Consulta realizada com sucesso
05651966001184 5 0309708 13/09/2018 79430682024307
392
61940292000218 34 0718528 12/09/2018 79430682024307
393
233 - 000-Consulta realizada com sucesso
45453214002286 13 0847797 12/09/2018 79430682024498
394
45453214002286 13 0847792 12/09/2018 79430682024498
395
323 - 000-Consulta realizada com sucesso
05651966001184 5 0309752 13/09/2018 79430682024579
396
236 - 000-Consulta realizada com sucesso
05651966001184 5 0309700 13/09/2018 79430682024730
397
45453214002286 13 0848395 13/09/2018 79430682024730
398
237 - 000-Consulta realizada com sucesso
45453214002286 13 0848456 13/09/2018 79430682024811
399
239 - 000-Consulta realizada com sucesso
05651966001184 5 0310062 13/09/2018 79430682024900
400
238 - 000-Consulta realizada com sucesso
05651966001184 5 0309778 13/09/2018 79430682025036
401
45453214002286 13 0848206 13/09/2018 79430682025036
402
241 - 000-Consulta realizada com sucesso
45453214002286 13 0848372 13/09/2018 79430682025206
403
45453214002286 13 0848590 13/09/2018 79430682025206
404
242 - 000-Consulta realizada com sucesso
05651966000455 21 0480798 13/09/2018 79430682025460
405
45453214001042 16 0383801 13/09/2018 79430682025460
406
973 - 000-Consulta realizada com sucesso
33069212001237 1 0336355 13/09/2018 79430682025540
407
22092230000160 1 0009755 13/09/2018 79430682025540
408
22092230000160 1 0009752 13/09/2018 79430682025540
409
22020871000100 1 0006158 13/09/2018 79430682025540
410
07757548000120 2 1348284 13/09/2018 79430682025540
411
33069212001237 1 0336354 13/09/2018 79430682025540
412
00317372000499 1 0158924 13/09/2018 79430682025540
413
06105362000123 1 0340320 13/09/2018 79430682025540
414
17440261000125 9 0066561 13/09/2018 79430682025540
415
02943733000195 1 0024814 13/09/2018 79430682025540
416
02943733000195 1 0024813 13/09/2018 79430682025540
417
16754226000118 2 0004422 13/09/2018 79430682025540
418
60831658002110 11 0318121 13/09/2018 79430682025540
419
02290277002337 5 0034222 13/09/2018 79430682025540
420
02290277002337 5 0034221 13/09/2018 79430682025540
421
243 - 000-Nao foram encontrados documentos para conexao cold 400 e CNPJ 79430682025621.
244 - 000-Consulta realizada com sucesso
45453214002286 13 0848365 13/09/2018 79430682025702
422
248 - 000-Consulta realizada com sucesso
05651966001184 5 0309640 13/09/2018 79430682025893
423
252 - 000-Consulta realizada com sucesso
05651966001184 5 0309732 13/09/2018 79430682025974
424
245 - 000-Consulta realizada com sucesso
45453214001042 16 0383751 13/09/2018 79430682026008
425
249 - 000-Consulta realizada com sucesso
01206820000520 3 6988583 13/09/2018 79430682026199
426
246 - 000-Consulta realizada com sucesso
05651966000455 21 0480834 13/09/2018 79430682026350
427
45453214001042 16 0383797 13/09/2018 79430682026350
428
257 - 000-Nao foram encontrados documentos para conexao cold 400 e CNPJ 79430682026512.
254 - 000-Nao foram encontrados documentos para conexao cold 400 e CNPJ 79430682026601.
256 - 000-Nao foram encontrados documentos para conexao cold 400 e CNPJ 79430682026784.
186 - 000-Nao foram encontrados documentos para conexao cold 400 e CNPJ 79430682026865.
263 - 000-Consulta realizada com sucesso
45453214002286 13 0848277 13/09/2018 79430682026946
429
05651966001184 5 0309716 13/09/2018 79430682026946
430
45453214002286 13 0848569 13/09/2018 79430682026946
431
259 - 000-Consulta realizada com sucesso
05651966001184 1 0258314 13/09/2018 79430682027080
432
05651966001184 5 0309889 13/09/2018 79430682027080
433
05651966001184 5 0309944 13/09/2018 79430682027080
434
260 - 000-Consulta realizada com sucesso
05651966000455 21 0480393 13/09/2018 79430682027160
435
261 - 000-Consulta realizada com sucesso
05651966000455 21 0480394 13/09/2018 79430682027241
436
268 - 000-Nao foram encontrados documentos para conexao cold 400 e CNPJ 79430682027322.
262 - 000-Nao foram encontrados documentos para conexao cold 400 e CNPJ 79430682027403.
267 - 000-Nao foram encontrados documentos para conexao cold 400 e CNPJ 79430682027594.
247 - 000-Nao foram encontrados documentos para conexao cold 400 e CNPJ 79430682027756.
302 - 000-Consulta realizada com sucesso
05651966001184 5 0309766 13/09/2018 79430682027837
437
45453214002286 13 0848271 13/09/2018 79430682027837
438
303 - 000-Consulta realizada com sucesso
05651966001184 5 0309672 13/09/2018 79430682027918
439
45453214002286 13 0848233 13/09/2018 79430682027918
440
45453214002286 13 0848232 13/09/2018 79430682027918
441
45453214002286 13 0848478 13/09/2018 79430682027918
442
45453214002286 13 0848479 13/09/2018 79430682027918
443
45453214002286 13 0848657 13/09/2018 79430682027918
444
05651966001184 5 0310126 13/09/2018 79430682027918
445
305 - 000-Nao foram encontrados documentos para conexao cold 400 e CNPJ 79430682028132.
306 - 000-Consulta realizada com sucesso
05651966001184 5 0309927 13/09/2018 79430682028213
446
45453214002286 13 0848768 13/09/2018 79430682028213
447
307 - 000-Consulta realizada com sucesso
05651966001184 5 0310093 13/09/2018 79430682028302
448
308 - 000-Consulta realizada com sucesso
05651966001184 5 0309667 13/09/2018 79430682028485
449
310 - 000-Consulta realizada com sucesso
45453214002286 13 0848090 12/09/2018 79430682028566
450
45453214002286 13 0848091 12/09/2018 79430682028566
451
44463156000770 57 0729210 13/09/2018 79430682028566
452
317 - 000-Consulta realizada com sucesso
45453214002286 13 0848320 13/09/2018 79430682028728
453
120 - 000-Nao foram encontrados documentos para conexao cold 400 e CNPJ 79430682028809.
235 - 000-Nao foram encontrados documentos para conexao cold 400 e CNPJ 79430682028990.
320 - 000-Consulta realizada com sucesso
45453214002286 13 0848248 13/09/2018 79430682029023
454
45453214002286 13 0848638 13/09/2018 79430682029023
455
45453214002286 13 0848637 13/09/2018 79430682029023
456
318 - 000-Consulta realizada com sucesso
05651966001184 5 0309730 13/09/2018 79430682029295
457
05651966001184 5 0310034 13/09/2018 79430682029295
458
232 - 000-Consulta realizada com sucesso
45453214002286 13 0848198 12/09/2018 79430682029376
459
45453214002286 13 0848195 12/09/2018 79430682029376
460
45453214002286 13 0848194 12/09/2018 79430682029376
461
45453214002286 13 0848196 12/09/2018 79430682029376
462
45453214002286 13 0848197 12/09/2018 79430682029376
463
313 - 000-Consulta realizada com sucesso
05651966001184 5 0309887 13/09/2018 79430682029457
464
311 - 000-Consulta realizada com sucesso
45453214002286 13 0848083 12/09/2018 79430682029538
465
45453214002286 13 0848086 12/09/2018 79430682029538
466
45453214002286 13 0848089 12/09/2018 79430682029538
467
45453214002286 13 0848088 12/09/2018 79430682029538
468
319 - 000-Consulta realizada com sucesso
05651966001184 5 0309858 13/09/2018 79430682029619
469
45453214002286 13 0848660 13/09/2018 79430682029619
470
322 - 000-Consulta realizada com sucesso
05651966001184 5 0309638 13/09/2018 79430682029708
471
326 - 000-Consulta realizada com sucesso
45453214002286 13 0848780 13/09/2018 79430682029880
472
45453214002286 13 0848781 13/09/2018 79430682029880
473
330 - 000-Nao foram encontrados documentos para conexao cold 400 e CNPJ 79430682029961.
327 - 000-Consulta realizada com sucesso
05651966001184 5 0309886 13/09/2018 79430682030030
474
325 - 000-Nao foram encontrados documentos para conexao cold 400 e CNPJ 79430682030110.
331 - 000-Consulta realizada com sucesso
05651966001184 5 0309855 13/09/2018 79430682030200
475
05651966001184 5 0309806 13/09/2018 79430682030200
476
332 - 000-Nao foram encontrados documentos para conexao cold 400 e CNPJ 79430682030382.
336 - 000-Consulta realizada com sucesso
05651966001184 5 0309721 13/09/2018 79430682030463
477
45453214002286 13 0848369 13/09/2018 79430682030463
478
45453214002286 13 0848636 13/09/2018 79430682030463
479
195 - 000-Consulta realizada com sucesso
05651966001184 5 0309870 13/09/2018 79430682030544
480
345 - 000-Consulta realizada com sucesso
45453214002286 13 0848423 13/09/2018 79430682030625
481
45453214002286 13 0848425 13/09/2018 79430682030625
482
45453214002286 13 0848633 13/09/2018 79430682030625
483
343 - 000-Consulta realizada com sucesso
45453214002286 13 0848708 13/09/2018 79430682030706
484
344 - 000-Consulta realizada com sucesso
05651966001184 5 0309738 13/09/2018 79430682030897
485
334 - 000-Nao foram encontrados documentos para conexao cold 400 e CNPJ 79430682030978.
338 - 000-Consulta realizada com sucesso
05651966000455 21 0480938 13/09/2018 79430682031001
486
01206820000520 3 6988212 13/09/2018 79430682031001
487
347 - 000-Consulta realizada com sucesso
45453214002286 13 0848728 13/09/2018 79430682031192
488
337 - 000-Nao foram encontrados documentos para conexao cold 400 e CNPJ 79430682031273.
346 - 000-Consulta realizada com sucesso
45453214002286 13 0848386 13/09/2018 79430682031354
489
315 - 000-Nao foram encontrados documentos para conexao cold 400 e CNPJ 79430682031435.
348 - 000-Nao foram encontrados documentos para conexao cold 400 e CNPJ 79430682031516.
312 - 000-Consulta realizada com sucesso
05651966001184 5 0309763 13/09/2018 79430682031605
490
287 - 000-Nao foram encontrados documentos para conexao cold 400 e CNPJ 99999999999962.
