202 000 Consulta realizada com sucesso
Emitente: 05651966001184 Serie: 5 Nota: 0309899 Emissao: 13/09/2018 Destino: 79430682002176 Id NDD: 527
202 000 Consulta realizada com sucesso
Emitente: 05651966001184 Serie: 5 Nota: 0309741 Emissao: 13/09/2018 Destino: 79430682004624 Id NDD: 528
202 000 Consulta realizada com sucesso
Emitente: 05651966001184 Serie: 5 Nota: 0309736 Emissao: 13/09/2018 Destino: 79430682003148 Id NDD: 45
Emitente: 35402759004172 Serie: 107 Nota: 0016176 Emissao: 13/09/2018 Destino: 79430682003148 Id NDD: 529
Problemas na abertura dos XML: \\192.168.200.250\totvs12\_custom_prod\NDD\tmp\eformsConsultarColdDFeRetorno-031-999909-20-09-201812-05-23.xml
202 000 Consulta realizada com sucesso
Emitente: 05651966001184 Serie: 5 Nota: 0309768 Emissao: 13/09/2018 Destino: 79430682015740 Id NDD: 244
Emitente: 01206820000954 Serie: 3 Nota: 8795340 Emissao: 06/09/2018 Destino: 79430682015740 Id NDD: 245
Emitente: 01206820000954 Serie: 3 Nota: 8796422 Emissao: 06/09/2018 Destino: 79430682015740 Id NDD: 246
Emitente: 01206820000954 Serie: 3 Nota: 8795500 Emissao: 06/09/2018 Destino: 79430682015740 Id NDD: 531
Emitente: 05651966001184 Serie: 5 Nota: 0310107 Emissao: 13/09/2018 Destino: 79430682015740 Id NDD: 247
Emitente: 01206820000954 Serie: 3 Nota: 8797197 Emissao: 06/09/2018 Destino: 79430682015740 Id NDD: 248
Emitente: 01206820000954 Serie: 3 Nota: 8794239 Emissao: 06/09/2018 Destino: 79430682015740 Id NDD: 249
Emitente: 01206820000954 Serie: 3 Nota: 8797804 Emissao: 06/09/2018 Destino: 79430682015740 Id NDD: 250
Emitente: 05651966001184 Serie: 5 Nota: 0310125 Emissao: 13/09/2018 Destino: 79430682015740 Id NDD: 251
202 000 Consulta realizada com sucesso
Emitente: 33069212001237 Serie: 1 Nota: 0336355 Emissao: 13/09/2018 Destino: 79430682025540 Id NDD: 407
Emitente: 22092230000160 Serie: 1 Nota: 0009755 Emissao: 13/09/2018 Destino: 79430682025540 Id NDD: 408
Emitente: 22092230000160 Serie: 1 Nota: 0009752 Emissao: 13/09/2018 Destino: 79430682025540 Id NDD: 409
Emitente: 22020871000100 Serie: 1 Nota: 0006158 Emissao: 13/09/2018 Destino: 79430682025540 Id NDD: 410
Emitente: 07757548000120 Serie: 2 Nota: 1348284 Emissao: 13/09/2018 Destino: 79430682025540 Id NDD: 411
Emitente: 33069212001237 Serie: 1 Nota: 0336354 Emissao: 13/09/2018 Destino: 79430682025540 Id NDD: 412
Emitente: 00317372000499 Serie: 1 Nota: 0158924 Emissao: 13/09/2018 Destino: 79430682025540 Id NDD: 413
Emitente: 33051491001201 Serie: 1 Nota: 0009597 Emissao: 11/09/2018 Destino: 79430682025540 Id NDD: 525
Emitente: 06105362000123 Serie: 1 Nota: 0340320 Emissao: 13/09/2018 Destino: 79430682025540 Id NDD: 414
Emitente: 17440261000125 Serie: 9 Nota: 0066561 Emissao: 13/09/2018 Destino: 79430682025540 Id NDD: 415
Emitente: 02943733000195 Serie: 1 Nota: 0024814 Emissao: 13/09/2018 Destino: 79430682025540 Id NDD: 416
Emitente: 02943733000195 Serie: 1 Nota: 0024813 Emissao: 13/09/2018 Destino: 79430682025540 Id NDD: 417
Emitente: 16754226000118 Serie: 2 Nota: 0004422 Emissao: 13/09/2018 Destino: 79430682025540 Id NDD: 418
Emitente: 60831658002110 Serie: 11 Nota: 0318121 Emissao: 13/09/2018 Destino: 79430682025540 Id NDD: 419
Emitente: 02290277002337 Serie: 5 Nota: 0034222 Emissao: 13/09/2018 Destino: 79430682025540 Id NDD: 420
Emitente: 02932074004260 Serie: 4 Nota: 0012261 Emissao: 13/09/2018 Destino: 79430682025540 Id NDD: 526
Emitente: 02290277002337 Serie: 5 Nota: 0034221 Emissao: 13/09/2018 Destino: 79430682025540 Id NDD: 421
202 000 Consulta realizada com sucesso
Emitente: 05651966001184 Serie: 5 Nota: 0310238 Emissao: 13/09/2018 Destino: 79430682000122 Id NDD: 532
Emitente: 03786032000152 Serie: 5 Nota: 0838613 Emissao: 13/09/2018 Destino: 79430682000122 Id NDD: 533
Emitente: 44463156000770 Serie: 57 Nota: 0729349 Emissao: 13/09/2018 Destino: 79430682000122 Id NDD: 534
Emitente: 01206820000954 Serie: 3 Nota: 8832336 Emissao: 13/09/2018 Destino: 79430682000122 Id NDD: 535
Emitente: 01206820000954 Serie: 3 Nota: 8832259 Emissao: 13/09/2018 Destino: 79430682000122 Id NDD: 536
202 000 Nao foram encontrados documentos para conexao cold 400 e CNPJ 79430682000203.
202 000 Consulta realizada com sucesso
Emitente: 44463156000770 Serie: 57 Nota: 0729350 Emissao: 13/09/2018 Destino: 79430682000394 Id NDD: 537
Emitente: 01206820000954 Serie: 3 Nota: 8832033 Emissao: 13/09/2018 Destino: 79430682000394 Id NDD: 538
202 000 Nao foram encontrados documentos para conexao cold 400 e CNPJ 79430682000475.
202 000 Nao foram encontrados documentos para conexao cold 400 e CNPJ 79430682000556.
202 000 Consulta realizada com sucesso
Emitente: 05651966001184 Serie: 5 Nota: 0310318 Emissao: 13/09/2018 Destino: 79430682000637 Id NDD: 539
Emitente: 01206820000954 Serie: 3 Nota: 8831491 Emissao: 13/09/2018 Destino: 79430682000637 Id NDD: 540
202 000 Consulta realizada com sucesso
Emitente: 03786032000152 Serie: 5 Nota: 0838620 Emissao: 13/09/2018 Destino: 79430682000718 Id NDD: 541
202 000 Consulta realizada com sucesso
Emitente: 44463156000770 Serie: 57 Nota: 0729393 Emissao: 13/09/2018 Destino: 79430682000807 Id NDD: 542
202 000 Consulta realizada com sucesso
Emitente: 05651966001184 Serie: 5 Nota: 0310310 Emissao: 13/09/2018 Destino: 79430682001102 Id NDD: 543
Emitente: 05651966001184 Serie: 5 Nota: 0310284 Emissao: 13/09/2018 Destino: 79430682001102 Id NDD: 544
Emitente: 01206820000954 Serie: 3 Nota: 8832311 Emissao: 13/09/2018 Destino: 79430682001102 Id NDD: 545
Emitente: 44463156000770 Serie: 57 Nota: 0729351 Emissao: 13/09/2018 Destino: 79430682001102 Id NDD: 546
202 000 Consulta realizada com sucesso
Emitente: 05651966001184 Serie: 5 Nota: 0310314 Emissao: 13/09/2018 Destino: 79430682001285 Id NDD: 547
202 000 Consulta realizada com sucesso
Emitente: 05651966001184 Serie: 5 Nota: 0310447 Emissao: 13/09/2018 Destino: 79430682001366 Id NDD: 548
Emitente: 01206820000954 Serie: 3 Nota: 8831664 Emissao: 13/09/2018 Destino: 79430682001366 Id NDD: 549
202 000 Nao foram encontrados documentos para conexao cold 400 e CNPJ 79430682001528.
202 000 Consulta realizada com sucesso
Emitente: 01206820000954 Serie: 3 Nota: 8831952 Emissao: 13/09/2018 Destino: 79430682001609 Id NDD: 550
Emitente: 01206820000954 Serie: 3 Nota: 8832298 Emissao: 13/09/2018 Destino: 79430682001609 Id NDD: 551
202 000 Consulta realizada com sucesso
Emitente: 03786032000152 Serie: 5 Nota: 0838695 Emissao: 13/09/2018 Destino: 79430682001790 Id NDD: 552
Emitente: 03786032000152 Serie: 5 Nota: 0838696 Emissao: 13/09/2018 Destino: 79430682001790 Id NDD: 553
202 000 Nao foram encontrados documentos para conexao cold 400 e CNPJ 79430682001870.
202 000 Nao foram encontrados documentos para conexao cold 400 e CNPJ 79430682001951.
202 000 Consulta realizada com sucesso
Emitente: 01206820000954 Serie: 3 Nota: 8831066 Emissao: 13/09/2018 Destino: 79430682002095 Id NDD: 554
202 000 Consulta realizada com sucesso
Emitente: 01206820000954 Serie: 3 Nota: 8831284 Emissao: 13/09/2018 Destino: 79430682002176 Id NDD: 555
202 000 Consulta realizada com sucesso
Emitente: 05651966001184 Serie: 5 Nota: 0310317 Emissao: 13/09/2018 Destino: 79430682002257 Id NDD: 556
202 000 Nao foram encontrados documentos para conexao cold 400 e CNPJ 79430682002338.
202 000 Nao foram encontrados documentos para conexao cold 400 e CNPJ 79430682002419.
202 000 Nao foram encontrados documentos para conexao cold 400 e CNPJ 79430682002508.
202 000 Consulta realizada com sucesso
Emitente: 01206820000954 Serie: 3 Nota: 8830958 Emissao: 13/09/2018 Destino: 79430682002680 Id NDD: 557
Emitente: 01206820000954 Serie: 3 Nota: 8831091 Emissao: 13/09/2018 Destino: 79430682002680 Id NDD: 558
Emitente: 01206820000954 Serie: 3 Nota: 8831932 Emissao: 13/09/2018 Destino: 79430682002680 Id NDD: 559
202 000 Nao foram encontrados documentos para conexao cold 400 e CNPJ 79430682002761.
202 000 Consulta realizada com sucesso
Emitente: 44463156000770 Serie: 57 Nota: 0729146 Emissao: 13/09/2018 Destino: 79430682002842 Id NDD: 560
202 000 Consulta realizada com sucesso
Emitente: 05651966001184 Serie: 5 Nota: 0310239 Emissao: 13/09/2018 Destino: 79430682002923 Id NDD: 561
Emitente: 03786032000152 Serie: 5 Nota: 0838609 Emissao: 13/09/2018 Destino: 79430682002923 Id NDD: 562
Emitente: 01206820000954 Serie: 3 Nota: 8832403 Emissao: 13/09/2018 Destino: 79430682002923 Id NDD: 563
202 000 Consulta realizada com sucesso
Emitente: 03786032000152 Serie: 5 Nota: 0838885 Emissao: 13/09/2018 Destino: 79430682003148 Id NDD: 564
Emitente: 44463156000770 Serie: 57 Nota: 0729356 Emissao: 13/09/2018 Destino: 79430682003148 Id NDD: 565
Emitente: 03786032000152 Serie: 5 Nota: 0838886 Emissao: 13/09/2018 Destino: 79430682003148 Id NDD: 566
202 000 Consulta realizada com sucesso
Emitente: 05651966001184 Serie: 5 Nota: 0310311 Emissao: 13/09/2018 Destino: 79430682003229 Id NDD: 567
202 000 Nao foram encontrados documentos para conexao cold 400 e CNPJ 79430682003300.
202 000 Consulta realizada com sucesso
Emitente: 05651966001184 Serie: 5 Nota: 0310308 Emissao: 13/09/2018 Destino: 79430682003490 Id NDD: 568
Emitente: 03786032000152 Serie: 5 Nota: 0838902 Emissao: 13/09/2018 Destino: 79430682003490 Id NDD: 569
202 000 Consulta realizada com sucesso
Emitente: 05651966001184 Serie: 5 Nota: 0310257 Emissao: 13/09/2018 Destino: 79430682003571 Id NDD: 570
Emitente: 05651966001184 Serie: 5 Nota: 0310334 Emissao: 13/09/2018 Destino: 79430682003571 Id NDD: 571
202 000 Consulta realizada com sucesso
Emitente: 45453214002286 Serie: 13 Nota: 0848991 Emissao: 13/09/2018 Destino: 79430682003652 Id NDD: 572
Emitente: 01206820000954 Serie: 3 Nota: 8831938 Emissao: 13/09/2018 Destino: 79430682003652 Id NDD: 573
Emitente: 01206820000954 Serie: 3 Nota: 8832269 Emissao: 13/09/2018 Destino: 79430682003652 Id NDD: 574
Emitente: 01206820000954 Serie: 3 Nota: 8832249 Emissao: 13/09/2018 Destino: 79430682003652 Id NDD: 575
Emitente: 45453214002286 Serie: 13 Nota: 0849106 Emissao: 13/09/2018 Destino: 79430682003652 Id NDD: 576
Emitente: 01206820000954 Serie: 3 Nota: 8832608 Emissao: 13/09/2018 Destino: 79430682003652 Id NDD: 577
202 000 Consulta realizada com sucesso
Emitente: 05651966001184 Serie: 5 Nota: 0310309 Emissao: 13/09/2018 Destino: 79430682003733 Id NDD: 578
202 000 Nao foram encontrados documentos para conexao cold 400 e CNPJ 79430682003814.
202 000 Consulta realizada com sucesso
Emitente: 01206820000954 Serie: 3 Nota: 8831526 Emissao: 13/09/2018 Destino: 79430682003903 Id NDD: 579
202 000 Consulta realizada com sucesso
Emitente: 01206820000954 Serie: 3 Nota: 8831644 Emissao: 13/09/2018 Destino: 79430682004039 Id NDD: 580
202 000 Consulta realizada com sucesso
Emitente: 03786032000152 Serie: 5 Nota: 0838621 Emissao: 13/09/2018 Destino: 79430682004110 Id NDD: 581
Emitente: 01206820000954 Serie: 3 Nota: 8831926 Emissao: 13/09/2018 Destino: 79430682004110 Id NDD: 582
Emitente: 01206820000954 Serie: 3 Nota: 8832389 Emissao: 13/09/2018 Destino: 79430682004110 Id NDD: 583
202 000 Nao foram encontrados documentos para conexao cold 400 e CNPJ 79430682004209.
202 000 Consulta realizada com sucesso
Emitente: 05651966001184 Serie: 5 Nota: 0310330 Emissao: 13/09/2018 Destino: 79430682004381 Id NDD: 584
Emitente: 01206820000954 Serie: 3 Nota: 8831026 Emissao: 13/09/2018 Destino: 79430682004381 Id NDD: 585
Emitente: 01206820000954 Serie: 3 Nota: 8831129 Emissao: 13/09/2018 Destino: 79430682004381 Id NDD: 586
202 000 Consulta realizada com sucesso
Emitente: 01206820000954 Serie: 3 Nota: 8831024 Emissao: 13/09/2018 Destino: 79430682004462 Id NDD: 587
Emitente: 01206820000954 Serie: 3 Nota: 8832309 Emissao: 13/09/2018 Destino: 79430682004462 Id NDD: 588
202 000 Consulta realizada com sucesso
Emitente: 44463156000770 Serie: 57 Nota: 0729352 Emissao: 13/09/2018 Destino: 79430682004543 Id NDD: 589
202 000 Consulta realizada com sucesso
Emitente: 05651966001184 Serie: 5 Nota: 0310259 Emissao: 13/09/2018 Destino: 79430682004624 Id NDD: 590
202 000 Nao foram encontrados documentos para conexao cold 400 e CNPJ 79430682004705.
202 000 Consulta realizada com sucesso
Emitente: 01206820000954 Serie: 3 Nota: 8831396 Emissao: 13/09/2018 Destino: 79430682004896 Id NDD: 591
202 000 Consulta realizada com sucesso
Emitente: 05651966001184 Serie: 5 Nota: 0310236 Emissao: 13/09/2018 Destino: 79430682004977 Id NDD: 592
Emitente: 03786032000152 Serie: 5 Nota: 0838612 Emissao: 13/09/2018 Destino: 79430682004977 Id NDD: 593
202 000 Consulta realizada com sucesso
Emitente: 01206820000954 Serie: 3 Nota: 8831287 Emissao: 13/09/2018 Destino: 79430682005000 Id NDD: 594
Emitente: 01206820000954 Serie: 3 Nota: 8832301 Emissao: 13/09/2018 Destino: 79430682005000 Id NDD: 595
202 000 Consulta realizada com sucesso
Emitente: 01206820000954 Serie: 3 Nota: 8832257 Emissao: 13/09/2018 Destino: 79430682005191 Id NDD: 596
202 000 Consulta realizada com sucesso
Emitente: 05651966001184 Serie: 5 Nota: 0310374 Emissao: 13/09/2018 Destino: 79430682005272 Id NDD: 597
Emitente: 44463156000770 Serie: 57 Nota: 0729603 Emissao: 13/09/2018 Destino: 79430682005272 Id NDD: 598
202 000 Nao foram encontrados documentos para conexao cold 400 e CNPJ 79430682005353.
202 000 Consulta realizada com sucesso
Emitente: 01206820000954 Serie: 3 Nota: 8831133 Emissao: 13/09/2018 Destino: 79430682005434 Id NDD: 599
202 000 Nao foram encontrados documentos para conexao cold 400 e CNPJ 79430682005515.
202 000 Nao foram encontrados documentos para conexao cold 400 e CNPJ 79430682005604.
202 000 Nao foram encontrados documentos para conexao cold 400 e CNPJ 79430682005787.
202 000 Nao foram encontrados documentos para conexao cold 400 e CNPJ 79430682005868.
202 000 Nao foram encontrados documentos para conexao cold 400 e CNPJ 79430682005949.
202 000 Consulta realizada com sucesso
Emitente: 05651966001184 Serie: 5 Nota: 0310319 Emissao: 13/09/2018 Destino: 79430682006082 Id NDD: 600
202 000 Nao foram encontrados documentos para conexao cold 400 e CNPJ 79430682006163.
202 000 Consulta realizada com sucesso
Emitente: 01206820000954 Serie: 3 Nota: 8831157 Emissao: 13/09/2018 Destino: 79430682006244 Id NDD: 601
Emitente: 03786032000152 Serie: 5 Nota: 0838880 Emissao: 13/09/2018 Destino: 79430682006244 Id NDD: 602
Emitente: 03786032000152 Serie: 5 Nota: 0838881 Emissao: 13/09/2018 Destino: 79430682006244 Id NDD: 603
202 000 Nao foram encontrados documentos para conexao cold 400 e CNPJ 79430682006325.
202 000 Consulta realizada com sucesso
Emitente: 03786032000152 Serie: 5 Nota: 0838623 Emissao: 13/09/2018 Destino: 79430682006406 Id NDD: 604
Emitente: 01206820000954 Serie: 3 Nota: 8831419 Emissao: 13/09/2018 Destino: 79430682006406 Id NDD: 605
202 000 Nao foram encontrados documentos para conexao cold 400 e CNPJ 79430682006597.
202 000 Nao foram encontrados documentos para conexao cold 400 e CNPJ 79430682006678.
202 000 Nao foram encontrados documentos para conexao cold 400 e CNPJ 79430682006759.
202 000 Consulta realizada com sucesso
Emitente: 01206820000954 Serie: 3 Nota: 8831168 Emissao: 13/09/2018 Destino: 79430682006830 Id NDD: 606
202 000 Nao foram encontrados documentos para conexao cold 400 e CNPJ 79430682006910.
202 000 Nao foram encontrados documentos para conexao cold 400 e CNPJ 79430682007054.
202 000 Consulta realizada com sucesso
Emitente: 01206820000954 Serie: 3 Nota: 8830925 Emissao: 13/09/2018 Destino: 79430682007135 Id NDD: 607
Emitente: 01206820000954 Serie: 3 Nota: 8830920 Emissao: 13/09/2018 Destino: 79430682007135 Id NDD: 608
Emitente: 01206820000954 Serie: 3 Nota: 8831274 Emissao: 13/09/2018 Destino: 79430682007135 Id NDD: 609
Emitente: 45453214002286 Serie: 13 Nota: 0849029 Emissao: 13/09/2018 Destino: 79430682007135 Id NDD: 610
202 000 Consulta realizada com sucesso
Emitente: 05651966001184 Serie: 5 Nota: 0310344 Emissao: 13/09/2018 Destino: 79430682007216 Id NDD: 611
Emitente: 01206820000954 Serie: 3 Nota: 8831005 Emissao: 13/09/2018 Destino: 79430682007216 Id NDD: 612
Emitente: 01206820000954 Serie: 3 Nota: 8830996 Emissao: 13/09/2018 Destino: 79430682007216 Id NDD: 613
Emitente: 01206820000954 Serie: 3 Nota: 8832581 Emissao: 13/09/2018 Destino: 79430682007216 Id NDD: 614
202 000 Consulta realizada com sucesso
Emitente: 05651966001184 Serie: 5 Nota: 0310345 Emissao: 13/09/2018 Destino: 79430682007305 Id NDD: 615
Emitente: 01206820000954 Serie: 3 Nota: 8831311 Emissao: 13/09/2018 Destino: 79430682007305 Id NDD: 616
Emitente: 01206820000954 Serie: 3 Nota: 8831273 Emissao: 13/09/2018 Destino: 79430682007305 Id NDD: 617
Emitente: 01206820000954 Serie: 3 Nota: 8831059 Emissao: 13/09/2018 Destino: 79430682007305 Id NDD: 618
Emitente: 01206820000954 Serie: 3 Nota: 8831167 Emissao: 13/09/2018 Destino: 79430682007305 Id NDD: 619
Emitente: 01206820000954 Serie: 3 Nota: 8831357 Emissao: 13/09/2018 Destino: 79430682007305 Id NDD: 620
Emitente: 01206820000954 Serie: 3 Nota: 8832044 Emissao: 13/09/2018 Destino: 79430682007305 Id NDD: 621
Emitente: 45453214002286 Serie: 13 Nota: 0849153 Emissao: 13/09/2018 Destino: 79430682007305 Id NDD: 622
Emitente: 44463156000770 Serie: 57 Nota: 0729360 Emissao: 13/09/2018 Destino: 79430682007305 Id NDD: 623
202 000 Consulta realizada com sucesso
Emitente: 05651966001184 Serie: 5 Nota: 0310397 Emissao: 13/09/2018 Destino: 79430682007488 Id NDD: 624
Emitente: 45453214002286 Serie: 13 Nota: 0849027 Emissao: 13/09/2018 Destino: 79430682007488 Id NDD: 625
Emitente: 01206820000954 Serie: 3 Nota: 8831922 Emissao: 13/09/2018 Destino: 79430682007488 Id NDD: 626
202 000 Consulta realizada com sucesso
Emitente: 01206820000954 Serie: 3 Nota: 8831767 Emissao: 13/09/2018 Destino: 79430682007569 Id NDD: 627
Emitente: 81639114000188 Serie: 2 Nota: 0374180 Emissao: 13/09/2018 Destino: 79430682007569 Id NDD: 628
202 000 Consulta realizada com sucesso
Emitente: 01206820000954 Serie: 3 Nota: 8832543 Emissao: 13/09/2018 Destino: 79430682007640 Id NDD: 629
Emitente: 01206820000954 Serie: 3 Nota: 8832316 Emissao: 13/09/2018 Destino: 79430682007640 Id NDD: 630
202 000 Consulta realizada com sucesso
Emitente: 01206820000954 Serie: 3 Nota: 8831460 Emissao: 13/09/2018 Destino: 79430682007720 Id NDD: 631
Emitente: 44463156000770 Serie: 57 Nota: 0729163 Emissao: 13/09/2018 Destino: 79430682007720 Id NDD: 632
Emitente: 01206820000954 Serie: 3 Nota: 8831930 Emissao: 13/09/2018 Destino: 79430682007720 Id NDD: 633
202 000 Consulta realizada com sucesso
Emitente: 01206820000954 Serie: 3 Nota: 8831376 Emissao: 13/09/2018 Destino: 79430682007801 Id NDD: 634
202 000 Nao foram encontrados documentos para conexao cold 400 e CNPJ 79430682007992.
202 000 Consulta realizada com sucesso
Emitente: 45453214002286 Serie: 13 Nota: 0848852 Emissao: 13/09/2018 Destino: 79430682008026 Id NDD: 635
Emitente: 05651966001184 Serie: 5 Nota: 0310346 Emissao: 13/09/2018 Destino: 79430682008026 Id NDD: 636
Emitente: 01206820000954 Serie: 3 Nota: 8831364 Emissao: 13/09/2018 Destino: 79430682008026 Id NDD: 637
Emitente: 45453214002286 Serie: 13 Nota: 0849030 Emissao: 13/09/2018 Destino: 79430682008026 Id NDD: 638
202 000 Nao foram encontrados documentos para conexao cold 400 e CNPJ 79430682008107.
202 000 Nao foram encontrados documentos para conexao cold 400 e CNPJ 79430682008298.
202 000 Consulta realizada com sucesso
Emitente: 05651966001184 Serie: 5 Nota: 0310400 Emissao: 13/09/2018 Destino: 79430682008379 Id NDD: 639
Emitente: 01206820000954 Serie: 3 Nota: 8831088 Emissao: 13/09/2018 Destino: 79430682008379 Id NDD: 640
Emitente: 01206820000954 Serie: 3 Nota: 8831459 Emissao: 13/09/2018 Destino: 79430682008379 Id NDD: 641
202 000 Consulta realizada com sucesso
Emitente: 05651966001184 Serie: 5 Nota: 0310448 Emissao: 13/09/2018 Destino: 79430682008450 Id NDD: 642
Emitente: 01206820000954 Serie: 3 Nota: 8831490 Emissao: 13/09/2018 Destino: 79430682008450 Id NDD: 643
Emitente: 44463156000770 Serie: 57 Nota: 0729361 Emissao: 13/09/2018 Destino: 79430682008450 Id NDD: 644
Emitente: 01206820000954 Serie: 3 Nota: 8831961 Emissao: 13/09/2018 Destino: 79430682008450 Id NDD: 645
Emitente: 01206820000954 Serie: 3 Nota: 8832425 Emissao: 13/09/2018 Destino: 79430682008450 Id NDD: 646
202 000 Consulta realizada com sucesso
Emitente: 01206820000954 Serie: 3 Nota: 8831652 Emissao: 13/09/2018 Destino: 79430682008530 Id NDD: 647
Emitente: 01206820000954 Serie: 3 Nota: 8831653 Emissao: 13/09/2018 Destino: 79430682008530 Id NDD: 648
Emitente: 01206820000954 Serie: 3 Nota: 8832559 Emissao: 13/09/2018 Destino: 79430682008530 Id NDD: 649
202 000 Nao foram encontrados documentos para conexao cold 400 e CNPJ 79430682008611.
202 000 Nao foram encontrados documentos para conexao cold 400 e CNPJ 79430682008700.
202 000 Consulta realizada com sucesso
Emitente: 01206820000954 Serie: 3 Nota: 8831160 Emissao: 13/09/2018 Destino: 79430682008883 Id NDD: 650
202 000 Nao foram encontrados documentos para conexao cold 400 e CNPJ 79430682008964.
202 000 Consulta realizada com sucesso
Emitente: 05651966001184 Serie: 5 Nota: 0310271 Emissao: 13/09/2018 Destino: 79430682009006 Id NDD: 651
Emitente: 01206820000954 Serie: 3 Nota: 8831179 Emissao: 13/09/2018 Destino: 79430682009006 Id NDD: 652
Emitente: 44463156000770 Serie: 57 Nota: 0729362 Emissao: 13/09/2018 Destino: 79430682009006 Id NDD: 653
202 000 Consulta realizada com sucesso
Emitente: 01206820000954 Serie: 3 Nota: 8831392 Emissao: 13/09/2018 Destino: 79430682009189 Id NDD: 654
Emitente: 01206820000954 Serie: 3 Nota: 8831380 Emissao: 13/09/2018 Destino: 79430682009189 Id NDD: 655
Emitente: 01206820000954 Serie: 3 Nota: 8831395 Emissao: 13/09/2018 Destino: 79430682009189 Id NDD: 656
202 000 Consulta realizada com sucesso
Emitente: 05651966001184 Serie: 5 Nota: 0310398 Emissao: 13/09/2018 Destino: 79430682009260 Id NDD: 657
Emitente: 45453214002286 Serie: 13 Nota: 0849028 Emissao: 13/09/2018 Destino: 79430682009260 Id NDD: 658
Emitente: 01206820000954 Serie: 3 Nota: 8831431 Emissao: 13/09/2018 Destino: 79430682009260 Id NDD: 659
Emitente: 01206820000954 Serie: 3 Nota: 8831441 Emissao: 13/09/2018 Destino: 79430682009260 Id NDD: 660
Emitente: 01206820000954 Serie: 3 Nota: 8832388 Emissao: 13/09/2018 Destino: 79430682009260 Id NDD: 661
202 000 Consulta realizada com sucesso
Emitente: 01206820000954 Serie: 3 Nota: 8831158 Emissao: 13/09/2018 Destino: 79430682009340 Id NDD: 662
Emitente: 01206820000954 Serie: 3 Nota: 8831561 Emissao: 13/09/2018 Destino: 79430682009340 Id NDD: 663
202 000 Consulta realizada com sucesso
Emitente: 45453214002286 Serie: 13 Nota: 0848886 Emissao: 13/09/2018 Destino: 79430682009421 Id NDD: 664
Emitente: 45453214002286 Serie: 13 Nota: 0848887 Emissao: 13/09/2018 Destino: 79430682009421 Id NDD: 665
Emitente: 05651966001184 Serie: 5 Nota: 0310418 Emissao: 13/09/2018 Destino: 79430682009421 Id NDD: 666
Emitente: 01206820000954 Serie: 3 Nota: 8831503 Emissao: 13/09/2018 Destino: 79430682009421 Id NDD: 667
Emitente: 01206820000954 Serie: 3 Nota: 8831486 Emissao: 13/09/2018 Destino: 79430682009421 Id NDD: 668
202 000 Consulta realizada com sucesso
Emitente: 01206820000954 Serie: 3 Nota: 8831495 Emissao: 13/09/2018 Destino: 79430682009502 Id NDD: 669
Emitente: 01206820000954 Serie: 3 Nota: 8832320 Emissao: 13/09/2018 Destino: 79430682009502 Id NDD: 670
202 000 Nao foram encontrados documentos para conexao cold 400 e CNPJ 79430682009693.
202 000 Consulta realizada com sucesso
Emitente: 05651966001184 Serie: 5 Nota: 0310262 Emissao: 13/09/2018 Destino: 79430682009774 Id NDD: 671
Emitente: 44463156000770 Serie: 57 Nota: 0729364 Emissao: 13/09/2018 Destino: 79430682009774 Id NDD: 672
202 000 Consulta realizada com sucesso
Emitente: 01206820000954 Serie: 3 Nota: 8831321 Emissao: 13/09/2018 Destino: 79430682009855 Id NDD: 673
Emitente: 05651966001184 Serie: 5 Nota: 0310520 Emissao: 13/09/2018 Destino: 79430682009855 Id NDD: 674
Emitente: 01206820000954 Serie: 3 Nota: 8831314 Emissao: 13/09/2018 Destino: 79430682009855 Id NDD: 675
Emitente: 01206820000954 Serie: 3 Nota: 8832064 Emissao: 13/09/2018 Destino: 79430682009855 Id NDD: 676
Emitente: 45453214002286 Serie: 13 Nota: 0849238 Emissao: 13/09/2018 Destino: 79430682009855 Id NDD: 677
202 000 Nao foram encontrados documentos para conexao cold 400 e CNPJ 79430682010004.
202 000 Nao foram encontrados documentos para conexao cold 400 e CNPJ 79430682010195.
202 000 Consulta realizada com sucesso
Emitente: 01206820000954 Serie: 3 Nota: 8831458 Emissao: 13/09/2018 Destino: 79430682010438 Id NDD: 678
Emitente: 01206820000954 Serie: 3 Nota: 8831963 Emissao: 13/09/2018 Destino: 79430682010438 Id NDD: 679
202 000 Consulta realizada com sucesso
Emitente: 05651966001184 Serie: 5 Nota: 0310287 Emissao: 13/09/2018 Destino: 79430682010519 Id NDD: 680
Emitente: 01206820000954 Serie: 3 Nota: 8831055 Emissao: 13/09/2018 Destino: 79430682010519 Id NDD: 681
202 000 Consulta realizada com sucesso
Emitente: 01206820000954 Serie: 3 Nota: 8831086 Emissao: 13/09/2018 Destino: 79430682010608 Id NDD: 682
Emitente: 45453214002286 Serie: 13 Nota: 0848990 Emissao: 13/09/2018 Destino: 79430682010608 Id NDD: 683
Emitente: 05651966001184 Serie: 5 Nota: 0310452 Emissao: 13/09/2018 Destino: 79430682010608 Id NDD: 684
Emitente: 01206820000954 Serie: 3 Nota: 8831937 Emissao: 13/09/2018 Destino: 79430682010608 Id NDD: 685
202 000 Consulta realizada com sucesso
Emitente: 05651966001184 Serie: 5 Nota: 0310342 Emissao: 13/09/2018 Destino: 79430682010780 Id NDD: 686
Emitente: 01206820000954 Serie: 3 Nota: 8831221 Emissao: 13/09/2018 Destino: 79430682010780 Id NDD: 687
Emitente: 01206820000954 Serie: 3 Nota: 8831154 Emissao: 13/09/2018 Destino: 79430682010780 Id NDD: 688
Emitente: 45453214002286 Serie: 13 Nota: 0849235 Emissao: 13/09/2018 Destino: 79430682010780 Id NDD: 689
Emitente: 01206820000954 Serie: 3 Nota: 8832314 Emissao: 13/09/2018 Destino: 79430682010780 Id NDD: 690
202 000 Consulta realizada com sucesso
Emitente: 44463156000770 Serie: 57 Nota: 0729606 Emissao: 13/09/2018 Destino: 79430682010861 Id NDD: 691
Emitente: 01206820000954 Serie: 3 Nota: 8832036 Emissao: 13/09/2018 Destino: 79430682010861 Id NDD: 692
Emitente: 01206820000954 Serie: 3 Nota: 8832035 Emissao: 13/09/2018 Destino: 79430682010861 Id NDD: 693
Emitente: 01206820000954 Serie: 3 Nota: 8832053 Emissao: 13/09/2018 Destino: 79430682010861 Id NDD: 694
202 000 Consulta realizada com sucesso
Emitente: 05651966001184 Serie: 5 Nota: 0310343 Emissao: 13/09/2018 Destino: 79430682010942 Id NDD: 695
202 000 Consulta realizada com sucesso
Emitente: 01206820000954 Serie: 3 Nota: 8831095 Emissao: 13/09/2018 Destino: 79430682011086 Id NDD: 696
202 000 Consulta realizada com sucesso
Emitente: 05651966001184 Serie: 5 Nota: 0310331 Emissao: 13/09/2018 Destino: 79430682011248 Id NDD: 697
202 000 Consulta realizada com sucesso
Emitente: 05651966001184 Serie: 5 Nota: 0310312 Emissao: 13/09/2018 Destino: 79430682011329 Id NDD: 698
Emitente: 01206820000954 Serie: 3 Nota: 8832037 Emissao: 13/09/2018 Destino: 79430682011329 Id NDD: 699
Emitente: 01206820000954 Serie: 3 Nota: 8832612 Emissao: 13/09/2018 Destino: 79430682011329 Id NDD: 700
202 000 Consulta realizada com sucesso
Emitente: 01206820000954 Serie: 3 Nota: 8831422 Emissao: 13/09/2018 Destino: 79430682011400 Id NDD: 701
202 000 Consulta realizada com sucesso
Emitente: 05651966001184 Serie: 5 Nota: 0310315 Emissao: 13/09/2018 Destino: 79430682011590 Id NDD: 702
202 000 Consulta realizada com sucesso
Emitente: 45453214002286 Serie: 13 Nota: 0848839 Emissao: 13/09/2018 Destino: 79430682011671 Id NDD: 703
Emitente: 01206820000954 Serie: 3 Nota: 8831559 Emissao: 13/09/2018 Destino: 79430682011671 Id NDD: 704
Emitente: 01206820000954 Serie: 3 Nota: 8831563 Emissao: 13/09/2018 Destino: 79430682011671 Id NDD: 705
Emitente: 01206820000954 Serie: 3 Nota: 8831453 Emissao: 13/09/2018 Destino: 79430682011671 Id NDD: 706
Emitente: 01206820000954 Serie: 3 Nota: 8832135 Emissao: 13/09/2018 Destino: 79430682011671 Id NDD: 707
Emitente: 44463156000770 Serie: 57 Nota: 0729162 Emissao: 13/09/2018 Destino: 79430682011671 Id NDD: 708
202 000 Nao foram encontrados documentos para conexao cold 400 e CNPJ 79430682011752.
202 000 Consulta realizada com sucesso
Emitente: 01206820000954 Serie: 3 Nota: 8831642 Emissao: 13/09/2018 Destino: 79430682012139 Id NDD: 709
Emitente: 01206820000954 Serie: 3 Nota: 8832354 Emissao: 13/09/2018 Destino: 79430682012139 Id NDD: 710
202 000 Consulta realizada com sucesso
Emitente: 03786032000152 Serie: 5 Nota: 0838883 Emissao: 13/09/2018 Destino: 79430682012210 Id NDD: 711
Emitente: 03786032000152 Serie: 5 Nota: 0838882 Emissao: 13/09/2018 Destino: 79430682012210 Id NDD: 712
202 000 Consulta realizada com sucesso
Emitente: 01206820000954 Serie: 3 Nota: 8831741 Emissao: 13/09/2018 Destino: 79430682012309 Id NDD: 713
202 000 Nao foram encontrados documentos para conexao cold 400 e CNPJ 79430682012481.
202 000 Consulta realizada com sucesso
Emitente: 01206820000954 Serie: 3 Nota: 8832061 Emissao: 13/09/2018 Destino: 79430682012562 Id NDD: 714
202 000 Consulta realizada com sucesso
Emitente: 05651966001184 Serie: 5 Nota: 0310232 Emissao: 13/09/2018 Destino: 79430682012643 Id NDD: 715
Emitente: 03786032000152 Serie: 5 Nota: 0838720 Emissao: 13/09/2018 Destino: 79430682012643 Id NDD: 716
202 000 Consulta realizada com sucesso
Emitente: 03786032000152 Serie: 5 Nota: 0838614 Emissao: 13/09/2018 Destino: 79430682012724 Id NDD: 717
202 000 Nao foram encontrados documentos para conexao cold 400 e CNPJ 79430682012805.
202 000 Nao foram encontrados documentos para conexao cold 400 e CNPJ 79430682012996.
202 000 Nao foram encontrados documentos para conexao cold 400 e CNPJ 79430682013020.
202 000 Consulta realizada com sucesso
Emitente: 05651966001184 Serie: 5 Nota: 0310365 Emissao: 13/09/2018 Destino: 79430682013100 Id NDD: 718
Emitente: 01206820000954 Serie: 3 Nota: 8830943 Emissao: 13/09/2018 Destino: 79430682013100 Id NDD: 719
Emitente: 01206820000954 Serie: 3 Nota: 8830891 Emissao: 13/09/2018 Destino: 79430682013100 Id NDD: 720
Emitente: 01206820000954 Serie: 3 Nota: 8831153 Emissao: 13/09/2018 Destino: 79430682013100 Id NDD: 721
Emitente: 01206820000954 Serie: 3 Nota: 8831286 Emissao: 13/09/2018 Destino: 79430682013100 Id NDD: 722
Emitente: 45453214002286 Serie: 13 Nota: 0849068 Emissao: 13/09/2018 Destino: 79430682013100 Id NDD: 723
Emitente: 45453214002286 Serie: 13 Nota: 0849216 Emissao: 13/09/2018 Destino: 79430682013100 Id NDD: 724
Emitente: 45453214002286 Serie: 13 Nota: 0849217 Emissao: 13/09/2018 Destino: 79430682013100 Id NDD: 725
Emitente: 45453214002286 Serie: 13 Nota: 0849215 Emissao: 13/09/2018 Destino: 79430682013100 Id NDD: 726
202 000 Consulta realizada com sucesso
Emitente: 01206820000954 Serie: 3 Nota: 8831137 Emissao: 13/09/2018 Destino: 79430682013291 Id NDD: 727
Emitente: 01206820000954 Serie: 3 Nota: 8831521 Emissao: 13/09/2018 Destino: 79430682013291 Id NDD: 728
Emitente: 45453214002286 Serie: 13 Nota: 0849055 Emissao: 13/09/2018 Destino: 79430682013291 Id NDD: 729
202 000 Nao foram encontrados documentos para conexao cold 400 e CNPJ 79430682013372.
202 000 Consulta realizada com sucesso
Emitente: 01206820000954 Serie: 3 Nota: 8832254 Emissao: 13/09/2018 Destino: 79430682013453 Id NDD: 730
202 000 Consulta realizada com sucesso
Emitente: 45453214002286 Serie: 13 Nota: 0848861 Emissao: 13/09/2018 Destino: 79430682013534 Id NDD: 731
Emitente: 05651966001184 Serie: 5 Nota: 0310377 Emissao: 13/09/2018 Destino: 79430682013534 Id NDD: 732
Emitente: 01206820000954 Serie: 3 Nota: 8831071 Emissao: 13/09/2018 Destino: 79430682013534 Id NDD: 733
Emitente: 01206820000954 Serie: 3 Nota: 8831572 Emissao: 13/09/2018 Destino: 79430682013534 Id NDD: 734
Emitente: 01206820000954 Serie: 3 Nota: 8831589 Emissao: 13/09/2018 Destino: 79430682013534 Id NDD: 735
Emitente: 01206820000954 Serie: 3 Nota: 8832051 Emissao: 13/09/2018 Destino: 79430682013534 Id NDD: 736
202 000 Consulta realizada com sucesso
Emitente: 01206820000954 Serie: 3 Nota: 8831457 Emissao: 13/09/2018 Destino: 79430682013615 Id NDD: 737
202 000 Consulta realizada com sucesso
Emitente: 05651966001184 Serie: 5 Nota: 0310329 Emissao: 13/09/2018 Destino: 79430682013704 Id NDD: 738
202 000 Consulta realizada com sucesso
Emitente: 01206820000954 Serie: 3 Nota: 8831131 Emissao: 13/09/2018 Destino: 79430682013968 Id NDD: 739
202 000 Consulta realizada com sucesso
Emitente: 01206820000954 Serie: 3 Nota: 8832045 Emissao: 13/09/2018 Destino: 79430682014000 Id NDD: 740
Emitente: 01206820000954 Serie: 3 Nota: 8832317 Emissao: 13/09/2018 Destino: 79430682014000 Id NDD: 741
202 000 Consulta realizada com sucesso
Emitente: 05651966001184 Serie: 5 Nota: 0310341 Emissao: 13/09/2018 Destino: 79430682014182 Id NDD: 742
Emitente: 01206820000954 Serie: 3 Nota: 8831235 Emissao: 13/09/2018 Destino: 79430682014182 Id NDD: 743
Emitente: 01206820000954 Serie: 3 Nota: 8831230 Emissao: 13/09/2018 Destino: 79430682014182 Id NDD: 744
202 000 Consulta realizada com sucesso
Emitente: 05651966001184 Serie: 5 Nota: 0310379 Emissao: 13/09/2018 Destino: 79430682014263 Id NDD: 745
Emitente: 05651966001184 Serie: 5 Nota: 0310258 Emissao: 13/09/2018 Destino: 79430682014263 Id NDD: 746
Emitente: 05651966001184 Serie: 5 Nota: 0310288 Emissao: 13/09/2018 Destino: 79430682014263 Id NDD: 747
Emitente: 03786032000152 Serie: 5 Nota: 0838682 Emissao: 13/09/2018 Destino: 79430682014263 Id NDD: 748
Emitente: 03786032000152 Serie: 5 Nota: 0838683 Emissao: 13/09/2018 Destino: 79430682014263 Id NDD: 749
Problemas na abertura dos XML: \\192.168.200.250\totvs12\_custom_prod\NDD\tmp\eformsConsultarColdDFeRetorno-121-999909-24-09-201811-27-40.xml
202 000 Nao foram encontrados documentos para conexao cold 400 e CNPJ 79430682014344.
202 000 Nao foram encontrados documentos para conexao cold 400 e CNPJ 79430682014425.
202 000 Consulta realizada com sucesso
Emitente: 05651966001184 Serie: 5 Nota: 0310509 Emissao: 13/09/2018 Destino: 79430682014506 Id NDD: 750
Emitente: 01206820000954 Serie: 3 Nota: 8831650 Emissao: 13/09/2018 Destino: 79430682014506 Id NDD: 751
Emitente: 01206820000954 Serie: 3 Nota: 8831385 Emissao: 13/09/2018 Destino: 79430682014506 Id NDD: 752
Emitente: 45453214002286 Serie: 13 Nota: 0849056 Emissao: 13/09/2018 Destino: 79430682014506 Id NDD: 753
Emitente: 44463156000770 Serie: 57 Nota: 0729365 Emissao: 13/09/2018 Destino: 79430682014506 Id NDD: 754
Emitente: 01206820000954 Serie: 3 Nota: 8832619 Emissao: 13/09/2018 Destino: 79430682014506 Id NDD: 755
202 000 Consulta realizada com sucesso
Emitente: 05651966001184 Serie: 5 Nota: 0310313 Emissao: 13/09/2018 Destino: 79430682014697 Id NDD: 756
202 000 Consulta realizada com sucesso
Emitente: 05651966001184 Serie: 5 Nota: 0310307 Emissao: 13/09/2018 Destino: 79430682014778 Id NDD: 757
Emitente: 03786032000152 Serie: 5 Nota: 0838888 Emissao: 13/09/2018 Destino: 79430682014778 Id NDD: 758
Emitente: 03786032000152 Serie: 5 Nota: 0838887 Emissao: 13/09/2018 Destino: 79430682014778 Id NDD: 759
202 000 Nao foram encontrados documentos para conexao cold 400 e CNPJ 79430682014859.
202 000 Consulta realizada com sucesso
Emitente: 05651966001184 Serie: 5 Nota: 0310366 Emissao: 13/09/2018 Destino: 79430682014930 Id NDD: 760
Emitente: 45453214002286 Serie: 13 Nota: 0849121 Emissao: 13/09/2018 Destino: 79430682014930 Id NDD: 761
Emitente: 01206820000954 Serie: 3 Nota: 8832490 Emissao: 13/09/2018 Destino: 79430682014930 Id NDD: 762
Emitente: 01206820000954 Serie: 3 Nota: 8832451 Emissao: 13/09/2018 Destino: 79430682014930 Id NDD: 763
Emitente: 01206820000954 Serie: 3 Nota: 8832459 Emissao: 13/09/2018 Destino: 79430682014930 Id NDD: 764
Emitente: 45453214002286 Serie: 13 Nota: 0849118 Emissao: 13/09/2018 Destino: 79430682014930 Id NDD: 765
Emitente: 82873068000140 Serie: 1 Nota: 17057648 Emissao: 13/09/2018 Destino: 79430682014930 Id NDD: 766
Emitente: 01206820000954 Serie: 3 Nota: 8832452 Emissao: 13/09/2018 Destino: 79430682014930 Id NDD: 767
Emitente: 45453214002286 Serie: 13 Nota: 0849122 Emissao: 13/09/2018 Destino: 79430682014930 Id NDD: 768
202 000 Nao foram encontrados documentos para conexao cold 400 e CNPJ 79430682015073.
202 000 Nao foram encontrados documentos para conexao cold 400 e CNPJ 79430682015405.
202 000 Consulta realizada com sucesso
Emitente: 44463156000184 Serie: 79 Nota: 0001913 Emissao: 13/09/2018 Destino: 79430682015588 Id NDD: 769
202 000 Nao foram encontrados documentos para conexao cold 400 e CNPJ 79430682015669.
202 000 Consulta realizada com sucesso
Emitente: 01206820000954 Serie: 3 Nota: 8831035 Emissao: 13/09/2018 Destino: 79430682015740 Id NDD: 770
Emitente: 01206820000954 Serie: 3 Nota: 8831046 Emissao: 13/09/2018 Destino: 79430682015740 Id NDD: 771
Emitente: 45453214002286 Serie: 13 Nota: 0848984 Emissao: 13/09/2018 Destino: 79430682015740 Id NDD: 772
Emitente: 05651966001184 Serie: 5 Nota: 0310399 Emissao: 13/09/2018 Destino: 79430682015740 Id NDD: 773
202 000 Consulta realizada com sucesso
Emitente: 01206820000954 Serie: 3 Nota: 8832067 Emissao: 13/09/2018 Destino: 79430682015820 Id NDD: 774
202 000 Consulta realizada com sucesso
Emitente: 01206820000954 Serie: 3 Nota: 8831601 Emissao: 13/09/2018 Destino: 79430682015901 Id NDD: 775
Emitente: 01206820000954 Serie: 3 Nota: 8831599 Emissao: 13/09/2018 Destino: 79430682015901 Id NDD: 776
Emitente: 45453214002286 Serie: 13 Nota: 0849031 Emissao: 13/09/2018 Destino: 79430682015901 Id NDD: 777
202 000 Nao foram encontrados documentos para conexao cold 400 e CNPJ 79430682016045.
202 000 Nao foram encontrados documentos para conexao cold 400 e CNPJ 79430682016126.
202 000 Consulta realizada com sucesso
Emitente: 01206820000954 Serie: 3 Nota: 8831641 Emissao: 13/09/2018 Destino: 79430682016207 Id NDD: 778
Emitente: 01206820000954 Serie: 3 Nota: 8832617 Emissao: 13/09/2018 Destino: 79430682016207 Id NDD: 779
202 000 Consulta realizada com sucesso
Emitente: 45453214002286 Serie: 13 Nota: 0848858 Emissao: 13/09/2018 Destino: 79430682016398 Id NDD: 780
Emitente: 01206820000954 Serie: 3 Nota: 8831308 Emissao: 13/09/2018 Destino: 79430682016398 Id NDD: 781
Emitente: 01206820000954 Serie: 3 Nota: 8831184 Emissao: 13/09/2018 Destino: 79430682016398 Id NDD: 782
Emitente: 01206820000954 Serie: 3 Nota: 8831297 Emissao: 13/09/2018 Destino: 79430682016398 Id NDD: 783
202 000 Consulta realizada com sucesso
Emitente: 01206820000954 Serie: 3 Nota: 8830911 Emissao: 13/09/2018 Destino: 79430682016479 Id NDD: 784
Emitente: 45453214002286 Serie: 13 Nota: 0849014 Emissao: 13/09/2018 Destino: 79430682016479 Id NDD: 785
Emitente: 45453214002286 Serie: 13 Nota: 0849015 Emissao: 13/09/2018 Destino: 79430682016479 Id NDD: 786
Emitente: 01206820000954 Serie: 3 Nota: 8832005 Emissao: 13/09/2018 Destino: 79430682016479 Id NDD: 787
Emitente: 01206820000954 Serie: 3 Nota: 8832010 Emissao: 13/09/2018 Destino: 79430682016479 Id NDD: 788
Emitente: 01206820000954 Serie: 3 Nota: 8832019 Emissao: 13/09/2018 Destino: 79430682016479 Id NDD: 789
Emitente: 01206820000954 Serie: 3 Nota: 8832009 Emissao: 13/09/2018 Destino: 79430682016479 Id NDD: 790
Emitente: 01206820000954 Serie: 3 Nota: 8832395 Emissao: 13/09/2018 Destino: 79430682016479 Id NDD: 791
202 000 Nao foram encontrados documentos para conexao cold 400 e CNPJ 79430682016550.
202 000 Consulta realizada com sucesso
Emitente: 45453214002286 Serie: 13 Nota: 0848974 Emissao: 13/09/2018 Destino: 79430682016630 Id NDD: 792
Emitente: 01206820000954 Serie: 3 Nota: 8831632 Emissao: 13/09/2018 Destino: 79430682016630 Id NDD: 793
Emitente: 01206820000954 Serie: 3 Nota: 8832223 Emissao: 13/09/2018 Destino: 79430682016630 Id NDD: 794
Emitente: 01206820000954 Serie: 3 Nota: 8832236 Emissao: 13/09/2018 Destino: 79430682016630 Id NDD: 795
Emitente: 45453214002286 Serie: 13 Nota: 0849136 Emissao: 13/09/2018 Destino: 79430682016630 Id NDD: 796
Emitente: 82873068000140 Serie: 1 Nota: 17057683 Emissao: 13/09/2018 Destino: 79430682016630 Id NDD: 797
Emitente: 82873068000140 Serie: 1 Nota: 17057682 Emissao: 13/09/2018 Destino: 79430682016630 Id NDD: 798
Emitente: 82873068000140 Serie: 1 Nota: 17057684 Emissao: 13/09/2018 Destino: 79430682016630 Id NDD: 799
Emitente: 45453214002286 Serie: 13 Nota: 0849135 Emissao: 13/09/2018 Destino: 79430682016630 Id NDD: 800
Emitente: 01206820000954 Serie: 3 Nota: 8832196 Emissao: 13/09/2018 Destino: 79430682016630 Id NDD: 801
Emitente: 01206820000954 Serie: 3 Nota: 8832583 Emissao: 13/09/2018 Destino: 79430682016630 Id NDD: 802
202 000 Consulta realizada com sucesso
Emitente: 03786032000152 Serie: 5 Nota: 0838611 Emissao: 13/09/2018 Destino: 79430682016711 Id NDD: 803
Emitente: 01206820000954 Serie: 3 Nota: 8832676 Emissao: 13/09/2018 Destino: 79430682016711 Id NDD: 804
Emitente: 01206820000954 Serie: 3 Nota: 8832621 Emissao: 13/09/2018 Destino: 79430682016711 Id NDD: 805
202 000 Consulta realizada com sucesso
Emitente: 05651966001184 Serie: 5 Nota: 0310339 Emissao: 13/09/2018 Destino: 79430682016983 Id NDD: 806
Emitente: 01206820000954 Serie: 3 Nota: 8831344 Emissao: 13/09/2018 Destino: 79430682016983 Id NDD: 807
Emitente: 01206820000954 Serie: 3 Nota: 8831352 Emissao: 13/09/2018 Destino: 79430682016983 Id NDD: 808
202 000 Nao foram encontrados documentos para conexao cold 400 e CNPJ 79430682017017.
202 000 Consulta realizada com sucesso
Emitente: 01206820000954 Serie: 3 Nota: 8830952 Emissao: 13/09/2018 Destino: 79430682017106 Id NDD: 809
202 000 Consulta realizada com sucesso
Emitente: 01206820000954 Serie: 3 Nota: 8831070 Emissao: 13/09/2018 Destino: 79430682017289 Id NDD: 810
Emitente: 01206820000954 Serie: 3 Nota: 8832404 Emissao: 13/09/2018 Destino: 79430682017289 Id NDD: 811
202 000 Consulta realizada com sucesso
Emitente: 01206820000520 Serie: 3 Nota: 6988813 Emissao: 13/09/2018 Destino: 79430682017360 Id NDD: 812
202 000 Consulta realizada com sucesso
Emitente: 01206820000954 Serie: 3 Nota: 8831031 Emissao: 13/09/2018 Destino: 79430682017440 Id NDD: 813
Emitente: 01206820000954 Serie: 3 Nota: 8830961 Emissao: 13/09/2018 Destino: 79430682017440 Id NDD: 814
202 000 Consulta realizada com sucesso
Emitente: 01206820000954 Serie: 3 Nota: 8831292 Emissao: 13/09/2018 Destino: 79430682017521 Id NDD: 815
Emitente: 44463156000770 Serie: 57 Nota: 0729366 Emissao: 13/09/2018 Destino: 79430682017521 Id NDD: 816
202 000 Nao foram encontrados documentos para conexao cold 400 e CNPJ 79430682017602.
202 000 Consulta realizada com sucesso
Emitente: 01206820000954 Serie: 3 Nota: 8831370 Emissao: 13/09/2018 Destino: 79430682017874 Id NDD: 817
Emitente: 01206820000954 Serie: 3 Nota: 8832620 Emissao: 13/09/2018 Destino: 79430682017874 Id NDD: 818
202 000 Nao foram encontrados documentos para conexao cold 400 e CNPJ 79430682017955.
202 000 Nao foram encontrados documentos para conexao cold 400 e CNPJ 79430682018099.
202 000 Consulta realizada com sucesso
Emitente: 05651966001184 Serie: 5 Nota: 0310524 Emissao: 13/09/2018 Destino: 79430682018250 Id NDD: 819
202 000 Nao foram encontrados documentos para conexao cold 400 e CNPJ 79430682018331.
202 000 Nao foram encontrados documentos para conexao cold 400 e CNPJ 79430682018501.
202 000 Consulta realizada com sucesso
Emitente: 05651966001184 Serie: 5 Nota: 0310361 Emissao: 13/09/2018 Destino: 79430682018684 Id NDD: 820
202 000 Nao foram encontrados documentos para conexao cold 400 e CNPJ 79430682018765.
202 000 Consulta realizada com sucesso
Emitente: 05651966001184 Serie: 5 Nota: 0310335 Emissao: 13/09/2018 Destino: 79430682018846 Id NDD: 821
Emitente: 01206820000954 Serie: 3 Nota: 8831135 Emissao: 13/09/2018 Destino: 79430682018846 Id NDD: 822
Emitente: 01206820000954 Serie: 3 Nota: 8831282 Emissao: 13/09/2018 Destino: 79430682018846 Id NDD: 823
202 000 Consulta realizada com sucesso
Emitente: 01206820000954 Serie: 3 Nota: 8830954 Emissao: 13/09/2018 Destino: 79430682018927 Id NDD: 824
Emitente: 01206820000954 Serie: 3 Nota: 8831322 Emissao: 13/09/2018 Destino: 79430682018927 Id NDD: 825
Emitente: 01206820000954 Serie: 3 Nota: 8831378 Emissao: 13/09/2018 Destino: 79430682018927 Id NDD: 826
Emitente: 01206820000954 Serie: 3 Nota: 8832282 Emissao: 13/09/2018 Destino: 79430682018927 Id NDD: 827
Emitente: 01206820000954 Serie: 3 Nota: 8832274 Emissao: 13/09/2018 Destino: 79430682018927 Id NDD: 828
202 000 Nao foram encontrados documentos para conexao cold 400 e CNPJ 79430682019060.
202 000 Consulta realizada com sucesso
Emitente: 01206820000954 Serie: 3 Nota: 8831156 Emissao: 13/09/2018 Destino: 79430682019141 Id NDD: 829
202 000 Nao foram encontrados documentos para conexao cold 400 e CNPJ 79430682019222.
202 000 Consulta realizada com sucesso
Emitente: 01206820000954 Serie: 3 Nota: 8830953 Emissao: 13/09/2018 Destino: 79430682019303 Id NDD: 830
Emitente: 01206820000954 Serie: 3 Nota: 8831466 Emissao: 13/09/2018 Destino: 79430682019303 Id NDD: 831
202 000 Consulta realizada com sucesso
Emitente: 01206820000954 Serie: 3 Nota: 8831680 Emissao: 13/09/2018 Destino: 79430682019494 Id NDD: 832
Emitente: 01206820000954 Serie: 3 Nota: 8831679 Emissao: 13/09/2018 Destino: 79430682019494 Id NDD: 833
202 000 Consulta realizada com sucesso
Emitente: 01206820000520 Serie: 3 Nota: 6988742 Emissao: 13/09/2018 Destino: 79430682019575 Id NDD: 834
Emitente: 01206820000520 Serie: 3 Nota: 6988734 Emissao: 13/09/2018 Destino: 79430682019575 Id NDD: 835
202 000 Consulta realizada com sucesso
Emitente: 01206820000954 Serie: 3 Nota: 8831041 Emissao: 13/09/2018 Destino: 79430682019656 Id NDD: 836
Emitente: 03786032000152 Serie: 5 Nota: 0838907 Emissao: 13/09/2018 Destino: 79430682019656 Id NDD: 837
Emitente: 01206820000954 Serie: 3 Nota: 8832407 Emissao: 13/09/2018 Destino: 79430682019656 Id NDD: 838
202 000 Nao foram encontrados documentos para conexao cold 400 e CNPJ 79430682019737.
202 000 Consulta realizada com sucesso
Emitente: 01206820000520 Serie: 3 Nota: 6988779 Emissao: 13/09/2018 Destino: 79430682019818 Id NDD: 839
202 000 Nao foram encontrados documentos para conexao cold 400 e CNPJ 79430682020077.
202 000 Consulta realizada com sucesso
Emitente: 01206820000954 Serie: 3 Nota: 8832674 Emissao: 13/09/2018 Destino: 79430682020158 Id NDD: 840
202 000 Consulta realizada com sucesso
Emitente: 03786032000152 Serie: 5 Nota: 0838884 Emissao: 13/09/2018 Destino: 79430682020239 Id NDD: 841
202 000 Consulta realizada com sucesso
Emitente: 05651966001184 Serie: 5 Nota: 0310264 Emissao: 13/09/2018 Destino: 79430682020310 Id NDD: 842
Emitente: 05651966001184 Serie: 5 Nota: 0310389 Emissao: 13/09/2018 Destino: 79430682020310 Id NDD: 843
Emitente: 01206820000954 Serie: 3 Nota: 8831771 Emissao: 13/09/2018 Destino: 79430682020310 Id NDD: 844
Emitente: 01206820000954 Serie: 3 Nota: 8832656 Emissao: 13/09/2018 Destino: 79430682020310 Id NDD: 845
202 000 Consulta realizada com sucesso
Emitente: 01206820000954 Serie: 3 Nota: 8832453 Emissao: 13/09/2018 Destino: 79430682020409 Id NDD: 846
Emitente: 01206820000954 Serie: 3 Nota: 8832467 Emissao: 13/09/2018 Destino: 79430682020409 Id NDD: 847
Emitente: 01206820000954 Serie: 3 Nota: 8832614 Emissao: 13/09/2018 Destino: 79430682020409 Id NDD: 848
Emitente: 01206820000954 Serie: 3 Nota: 8832472 Emissao: 13/09/2018 Destino: 79430682020409 Id NDD: 849
202 000 Consulta realizada com sucesso
Emitente: 01206820000954 Serie: 3 Nota: 8831425 Emissao: 13/09/2018 Destino: 79430682020581 Id NDD: 850
202 000 Consulta realizada com sucesso
Emitente: 01206820000954 Serie: 3 Nota: 8831090 Emissao: 13/09/2018 Destino: 79430682020743 Id NDD: 851
202 000 Consulta realizada com sucesso
Emitente: 01206820000954 Serie: 3 Nota: 8830929 Emissao: 13/09/2018 Destino: 79430682020824 Id NDD: 852
Emitente: 01206820000954 Serie: 3 Nota: 8831107 Emissao: 13/09/2018 Destino: 79430682020824 Id NDD: 853
Emitente: 05651966001184 Serie: 5 Nota: 0310402 Emissao: 13/09/2018 Destino: 79430682020824 Id NDD: 854
Emitente: 05651966001184 Serie: 5 Nota: 0310450 Emissao: 13/09/2018 Destino: 79430682020824 Id NDD: 855
Emitente: 45453214002286 Serie: 13 Nota: 0848939 Emissao: 13/09/2018 Destino: 79430682020824 Id NDD: 856
Emitente: 45453214002286 Serie: 13 Nota: 0849044 Emissao: 13/09/2018 Destino: 79430682020824 Id NDD: 857
Emitente: 82873068000140 Serie: 1 Nota: 17057665 Emissao: 13/09/2018 Destino: 79430682020824 Id NDD: 858
202 000 Consulta realizada com sucesso
Emitente: 01206820000954 Serie: 3 Nota: 8831568 Emissao: 13/09/2018 Destino: 79430682021049 Id NDD: 859
Emitente: 45453214002286 Serie: 13 Nota: 0849016 Emissao: 13/09/2018 Destino: 79430682021049 Id NDD: 860
Emitente: 01206820000954 Serie: 3 Nota: 8831565 Emissao: 13/09/2018 Destino: 79430682021049 Id NDD: 861
Emitente: 01206820000954 Serie: 3 Nota: 8832115 Emissao: 13/09/2018 Destino: 79430682021049 Id NDD: 862
202 000 Nao foram encontrados documentos para conexao cold 400 e CNPJ 79430682021120.
202 000 Consulta realizada com sucesso
Emitente: 45453214002286 Serie: 13 Nota: 0848838 Emissao: 13/09/2018 Destino: 79430682021200 Id NDD: 863
Emitente: 01206820000954 Serie: 3 Nota: 8832038 Emissao: 13/09/2018 Destino: 79430682021200 Id NDD: 864
202 000 Nao foram encontrados documentos para conexao cold 400 e CNPJ 79430682021391.
202 000 Consulta realizada com sucesso
Emitente: 01206820000954 Serie: 3 Nota: 8831509 Emissao: 13/09/2018 Destino: 79430682021553 Id NDD: 865
Emitente: 01206820000954 Serie: 3 Nota: 8832060 Emissao: 13/09/2018 Destino: 79430682021553 Id NDD: 866
202 000 Consulta realizada com sucesso
Emitente: 01206820000954 Serie: 3 Nota: 8832310 Emissao: 13/09/2018 Destino: 79430682021634 Id NDD: 867
202 000 Consulta realizada com sucesso
Emitente: 01206820000520 Serie: 3 Nota: 6988987 Emissao: 13/09/2018 Destino: 79430682021715 Id NDD: 868
202 000 Nao foram encontrados documentos para conexao cold 400 e CNPJ 79430682021804.
202 000 Consulta realizada com sucesso
Emitente: 05651966001184 Serie: 5 Nota: 0310364 Emissao: 13/09/2018 Destino: 79430682021987 Id NDD: 869
Emitente: 82873068000140 Serie: 1 Nota: 17057647 Emissao: 13/09/2018 Destino: 79430682021987 Id NDD: 870
Emitente: 45453214002286 Serie: 13 Nota: 0849107 Emissao: 13/09/2018 Destino: 79430682021987 Id NDD: 871
202 000 Consulta realizada com sucesso
Emitente: 01206820000954 Serie: 3 Nota: 8831655 Emissao: 13/09/2018 Destino: 79430682022010 Id NDD: 872
Emitente: 01206820000954 Serie: 3 Nota: 8831646 Emissao: 13/09/2018 Destino: 79430682022010 Id NDD: 873
Emitente: 01206820000954 Serie: 3 Nota: 8831666 Emissao: 13/09/2018 Destino: 79430682022010 Id NDD: 874
202 000 Consulta realizada com sucesso
Emitente: 01206820000954 Serie: 3 Nota: 8830913 Emissao: 13/09/2018 Destino: 79430682022100 Id NDD: 875
Emitente: 01206820000954 Serie: 3 Nota: 8831175 Emissao: 13/09/2018 Destino: 79430682022100 Id NDD: 876
Emitente: 45453214002286 Serie: 13 Nota: 0849174 Emissao: 13/09/2018 Destino: 79430682022100 Id NDD: 877
202 000 Consulta realizada com sucesso
Emitente: 01206820000954 Serie: 3 Nota: 8831279 Emissao: 13/09/2018 Destino: 79430682022282 Id NDD: 878
Emitente: 01206820000954 Serie: 3 Nota: 8831130 Emissao: 13/09/2018 Destino: 79430682022282 Id NDD: 879
Emitente: 01206820000954 Serie: 3 Nota: 8831281 Emissao: 13/09/2018 Destino: 79430682022282 Id NDD: 880
Emitente: 44463156000770 Serie: 57 Nota: 0729368 Emissao: 13/09/2018 Destino: 79430682022282 Id NDD: 881
Emitente: 01206820000954 Serie: 3 Nota: 8832534 Emissao: 13/09/2018 Destino: 79430682022282 Id NDD: 882
Emitente: 82873068000140 Serie: 1 Nota: 17057637 Emissao: 13/09/2018 Destino: 79430682022282 Id NDD: 883
202 000 Consulta realizada com sucesso
Emitente: 45453214002286 Serie: 13 Nota: 0848937 Emissao: 13/09/2018 Destino: 79430682022363 Id NDD: 884
Emitente: 45453214002286 Serie: 13 Nota: 0848936 Emissao: 13/09/2018 Destino: 79430682022363 Id NDD: 885
Emitente: 01206820000954 Serie: 3 Nota: 8831128 Emissao: 13/09/2018 Destino: 79430682022363 Id NDD: 886
Emitente: 45453214002286 Serie: 13 Nota: 0848938 Emissao: 13/09/2018 Destino: 79430682022363 Id NDD: 887
Emitente: 01206820000954 Serie: 3 Nota: 8831625 Emissao: 13/09/2018 Destino: 79430682022363 Id NDD: 888
Emitente: 45453214002286 Serie: 13 Nota: 0849096 Emissao: 13/09/2018 Destino: 79430682022363 Id NDD: 889
202 000 Consulta realizada com sucesso
Emitente: 44463156000770 Serie: 57 Nota: 0729369 Emissao: 13/09/2018 Destino: 79430682022444 Id NDD: 890
202 000 Consulta realizada com sucesso
Emitente: 45453214002286 Serie: 13 Nota: 0848871 Emissao: 13/09/2018 Destino: 79430682022525 Id NDD: 891
Emitente: 01206820000954 Serie: 3 Nota: 8830967 Emissao: 13/09/2018 Destino: 79430682022525 Id NDD: 892
Emitente: 05651966001184 Serie: 5 Nota: 0310351 Emissao: 13/09/2018 Destino: 79430682022525 Id NDD: 893
Emitente: 01206820000954 Serie: 3 Nota: 8831108 Emissao: 13/09/2018 Destino: 79430682022525 Id NDD: 894
Emitente: 01206820000954 Serie: 3 Nota: 8831118 Emissao: 13/09/2018 Destino: 79430682022525 Id NDD: 895
Emitente: 44463156000770 Serie: 57 Nota: 0729178 Emissao: 13/09/2018 Destino: 79430682022525 Id NDD: 896
Emitente: 44463156000770 Serie: 57 Nota: 0729396 Emissao: 13/09/2018 Destino: 79430682022525 Id NDD: 897
202 000 Consulta realizada com sucesso
Emitente: 01206820000954 Serie: 3 Nota: 8832338 Emissao: 13/09/2018 Destino: 79430682022606 Id NDD: 898
202 000 Consulta realizada com sucesso
Emitente: 01206820000954 Serie: 3 Nota: 8830962 Emissao: 13/09/2018 Destino: 79430682022797 Id NDD: 899
Emitente: 01206820000954 Serie: 3 Nota: 8831138 Emissao: 13/09/2018 Destino: 79430682022797 Id NDD: 900
202 000 Consulta realizada com sucesso
Emitente: 01206820000954 Serie: 3 Nota: 8832072 Emissao: 13/09/2018 Destino: 79430682022878 Id NDD: 901
Emitente: 45453214002286 Serie: 13 Nota: 0849120 Emissao: 13/09/2018 Destino: 79430682022878 Id NDD: 902
Emitente: 45453214002286 Serie: 13 Nota: 0849119 Emissao: 13/09/2018 Destino: 79430682022878 Id NDD: 903
Emitente: 45453214002286 Serie: 13 Nota: 0849193 Emissao: 13/09/2018 Destino: 79430682022878 Id NDD: 904
Emitente: 01206820000954 Serie: 3 Nota: 8832345 Emissao: 13/09/2018 Destino: 79430682022878 Id NDD: 905
Emitente: 45453214002286 Serie: 13 Nota: 0849192 Emissao: 13/09/2018 Destino: 79430682022878 Id NDD: 906
Emitente: 01206820000954 Serie: 3 Nota: 8832363 Emissao: 13/09/2018 Destino: 79430682022878 Id NDD: 907
Emitente: 45453214002286 Serie: 13 Nota: 0849123 Emissao: 13/09/2018 Destino: 79430682022878 Id NDD: 908
Emitente: 01206820000954 Serie: 3 Nota: 8832357 Emissao: 13/09/2018 Destino: 79430682022878 Id NDD: 909
202 000 Consulta realizada com sucesso
Emitente: 01206820000954 Serie: 3 Nota: 8832040 Emissao: 13/09/2018 Destino: 79430682022959 Id NDD: 910
Emitente: 01206820000954 Serie: 3 Nota: 8832427 Emissao: 13/09/2018 Destino: 79430682022959 Id NDD: 911
202 000 Consulta realizada com sucesso
Emitente: 01206820000954 Serie: 3 Nota: 8831747 Emissao: 13/09/2018 Destino: 79430682023092 Id NDD: 912
Emitente: 45453214002286 Serie: 13 Nota: 0849194 Emissao: 13/09/2018 Destino: 79430682023092 Id NDD: 913
Emitente: 45453214002286 Serie: 13 Nota: 0849195 Emissao: 13/09/2018 Destino: 79430682023092 Id NDD: 914
Emitente: 45453214002286 Serie: 13 Nota: 0849196 Emissao: 13/09/2018 Destino: 79430682023092 Id NDD: 915
202 000 Consulta realizada com sucesso
Emitente: 01206820000954 Serie: 3 Nota: 8831799 Emissao: 13/09/2018 Destino: 79430682023173 Id NDD: 916
202 000 Nao foram encontrados documentos para conexao cold 400 e CNPJ 79430682023254.
202 000 Nao foram encontrados documentos para conexao cold 400 e CNPJ 79430682023335.
202 000 Consulta realizada com sucesso
Emitente: 01206820000954 Serie: 3 Nota: 8832487 Emissao: 13/09/2018 Destino: 79430682023416 Id NDD: 917
Emitente: 01206820000954 Serie: 3 Nota: 8832477 Emissao: 13/09/2018 Destino: 79430682023416 Id NDD: 918
202 000 Consulta realizada com sucesso
Emitente: 01206820000520 Serie: 3 Nota: 6988844 Emissao: 13/09/2018 Destino: 79430682023505 Id NDD: 919
202 000 Nao foram encontrados documentos para conexao cold 400 e CNPJ 79430682023688.
202 000 Consulta realizada com sucesso
Emitente: 01206820000954 Serie: 3 Nota: 8831067 Emissao: 13/09/2018 Destino: 79430682023769 Id NDD: 920
Emitente: 01206820000954 Serie: 3 Nota: 8831214 Emissao: 13/09/2018 Destino: 79430682023769 Id NDD: 921
Emitente: 01206820000954 Serie: 3 Nota: 8831219 Emissao: 13/09/2018 Destino: 79430682023769 Id NDD: 922
Emitente: 01206820000954 Serie: 3 Nota: 8831212 Emissao: 13/09/2018 Destino: 79430682023769 Id NDD: 923
Emitente: 01206820000954 Serie: 3 Nota: 8831327 Emissao: 13/09/2018 Destino: 79430682023769 Id NDD: 924
202 000 Consulta realizada com sucesso
Emitente: 01206820000520 Serie: 3 Nota: 6988945 Emissao: 13/09/2018 Destino: 79430682023840 Id NDD: 925
Emitente: 01206820000520 Serie: 3 Nota: 6989248 Emissao: 13/09/2018 Destino: 79430682023840 Id NDD: 926
202 000 Consulta realizada com sucesso
Emitente: 05651966001184 Serie: 5 Nota: 0310360 Emissao: 13/09/2018 Destino: 79430682023920 Id NDD: 927
Emitente: 05651966001184 Serie: 5 Nota: 0310234 Emissao: 13/09/2018 Destino: 79430682023920 Id NDD: 928
Emitente: 01206820000954 Serie: 3 Nota: 8831374 Emissao: 13/09/2018 Destino: 79430682023920 Id NDD: 929
Emitente: 44463156000770 Serie: 57 Nota: 0729372 Emissao: 13/09/2018 Destino: 79430682023920 Id NDD: 930
202 000 Nao foram encontrados documentos para conexao cold 400 e CNPJ 79430682024064.
202 000 Consulta realizada com sucesso
Emitente: 45453214001042 Serie: 16 Nota: 0384078 Emissao: 13/09/2018 Destino: 79430682024145 Id NDD: 931
Emitente: 01206820000520 Serie: 3 Nota: 6988803 Emissao: 13/09/2018 Destino: 79430682024145 Id NDD: 932
202 000 Consulta realizada com sucesso
Emitente: 01206820000520 Serie: 3 Nota: 6988869 Emissao: 13/09/2018 Destino: 79430682024226 Id NDD: 933
202 000 Nao foram encontrados documentos para conexao cold 400 e CNPJ 79430682024307.
202 000 Consulta realizada com sucesso
Emitente: 03786032000152 Serie: 5 Nota: 0838616 Emissao: 13/09/2018 Destino: 79430682024498 Id NDD: 934
202 000 Consulta realizada com sucesso
Emitente: 05651966001184 Serie: 5 Nota: 0310403 Emissao: 13/09/2018 Destino: 79430682024579 Id NDD: 935
Emitente: 01206820000954 Serie: 3 Nota: 8831355 Emissao: 13/09/2018 Destino: 79430682024579 Id NDD: 936
202 000 Consulta realizada com sucesso
Emitente: 45453214002286 Serie: 13 Nota: 0848855 Emissao: 13/09/2018 Destino: 79430682024730 Id NDD: 937
Emitente: 45453214002286 Serie: 13 Nota: 0848914 Emissao: 13/09/2018 Destino: 79430682024730 Id NDD: 938
Emitente: 01206820000954 Serie: 3 Nota: 8831517 Emissao: 13/09/2018 Destino: 79430682024730 Id NDD: 939
Emitente: 01206820000954 Serie: 3 Nota: 8831921 Emissao: 13/09/2018 Destino: 79430682024730 Id NDD: 940
Emitente: 01206820000954 Serie: 3 Nota: 8831920 Emissao: 13/09/2018 Destino: 79430682024730 Id NDD: 941
Emitente: 01206820000954 Serie: 3 Nota: 8832589 Emissao: 13/09/2018 Destino: 79430682024730 Id NDD: 942
202 000 Consulta realizada com sucesso
Emitente: 01206820000954 Serie: 3 Nota: 8831640 Emissao: 13/09/2018 Destino: 79430682024811 Id NDD: 943
Emitente: 01206820000954 Serie: 3 Nota: 8831841 Emissao: 13/09/2018 Destino: 79430682024811 Id NDD: 944
202 000 Consulta realizada com sucesso
Emitente: 01206820000954 Serie: 3 Nota: 8831377 Emissao: 13/09/2018 Destino: 79430682024900 Id NDD: 945
202 000 Consulta realizada com sucesso
Emitente: 45453214002286 Serie: 13 Nota: 0848868 Emissao: 13/09/2018 Destino: 79430682025036 Id NDD: 946
Emitente: 45453214002286 Serie: 13 Nota: 0848869 Emissao: 13/09/2018 Destino: 79430682025036 Id NDD: 947
Emitente: 01206820000954 Serie: 3 Nota: 8831220 Emissao: 13/09/2018 Destino: 79430682025036 Id NDD: 948
Emitente: 01206820000954 Serie: 3 Nota: 8831189 Emissao: 13/09/2018 Destino: 79430682025036 Id NDD: 949
Emitente: 01206820000954 Serie: 3 Nota: 8831508 Emissao: 13/09/2018 Destino: 79430682025036 Id NDD: 950
Emitente: 82873068000140 Serie: 1 Nota: 17057640 Emissao: 13/09/2018 Destino: 79430682025036 Id NDD: 951
Emitente: 82873068000140 Serie: 1 Nota: 17057639 Emissao: 13/09/2018 Destino: 79430682025036 Id NDD: 952
202 000 Consulta realizada com sucesso
Emitente: 01206820000954 Serie: 3 Nota: 8831068 Emissao: 13/09/2018 Destino: 79430682025206 Id NDD: 953
Emitente: 01206820000954 Serie: 3 Nota: 8832230 Emissao: 13/09/2018 Destino: 79430682025206 Id NDD: 954
Emitente: 01206820000954 Serie: 3 Nota: 8832232 Emissao: 13/09/2018 Destino: 79430682025206 Id NDD: 955
202 000 Consulta realizada com sucesso
Emitente: 01206820000520 Serie: 3 Nota: 6988858 Emissao: 13/09/2018 Destino: 79430682025460 Id NDD: 956
202 000 Consulta realizada com sucesso
Emitente: 04522600000251 Serie: 2 Nota: 0043000 Emissao: 13/09/2018 Destino: 79430682025540 Id NDD: 957
202 000 Nao foram encontrados documentos para conexao cold 400 e CNPJ 79430682025621.
202 000 Consulta realizada com sucesso
Emitente: 45453214002286 Serie: 13 Nota: 0849109 Emissao: 13/09/2018 Destino: 79430682025702 Id NDD: 958
Emitente: 01206820000954 Serie: 3 Nota: 8832081 Emissao: 13/09/2018 Destino: 79430682025702 Id NDD: 959
Emitente: 82873068000140 Serie: 1 Nota: 17057646 Emissao: 13/09/2018 Destino: 79430682025702 Id NDD: 960
Emitente: 82873068000140 Serie: 1 Nota: 17057645 Emissao: 13/09/2018 Destino: 79430682025702 Id NDD: 961
Emitente: 45453214002286 Serie: 13 Nota: 0849108 Emissao: 13/09/2018 Destino: 79430682025702 Id NDD: 962
202 000 Consulta realizada com sucesso
Emitente: 05651966001184 Serie: 5 Nota: 0310272 Emissao: 13/09/2018 Destino: 79430682025893 Id NDD: 963
Emitente: 01206820000954 Serie: 3 Nota: 8831627 Emissao: 13/09/2018 Destino: 79430682025893 Id NDD: 964
Emitente: 01206820000954 Serie: 3 Nota: 8831672 Emissao: 13/09/2018 Destino: 79430682025893 Id NDD: 965
Emitente: 01206820000954 Serie: 3 Nota: 8831694 Emissao: 13/09/2018 Destino: 79430682025893 Id NDD: 966
Emitente: 01206820000954 Serie: 3 Nota: 8831668 Emissao: 13/09/2018 Destino: 79430682025893 Id NDD: 967
202 000 Consulta realizada com sucesso
Emitente: 45453214002286 Serie: 13 Nota: 0848920 Emissao: 13/09/2018 Destino: 79430682025974 Id NDD: 968
Emitente: 01206820000954 Serie: 3 Nota: 8831461 Emissao: 13/09/2018 Destino: 79430682025974 Id NDD: 969
202 000 Consulta realizada com sucesso
Emitente: 01206820000520 Serie: 3 Nota: 6988753 Emissao: 13/09/2018 Destino: 79430682026008 Id NDD: 970
202 000 Consulta realizada com sucesso
Emitente: 45453214001042 Serie: 16 Nota: 0384079 Emissao: 13/09/2018 Destino: 79430682026199 Id NDD: 971
202 000 Nao foram encontrados documentos para conexao cold 400 e CNPJ 79430682026350.
202 000 Nao foram encontrados documentos para conexao cold 400 e CNPJ 79430682026512.
202 000 Nao foram encontrados documentos para conexao cold 400 e CNPJ 79430682026601.
202 000 Nao foram encontrados documentos para conexao cold 400 e CNPJ 79430682026784.
202 000 Nao foram encontrados documentos para conexao cold 400 e CNPJ 79430682026865.
202 000 Consulta realizada com sucesso
Emitente: 01206820000954 Serie: 3 Nota: 8831306 Emissao: 13/09/2018 Destino: 79430682026946 Id NDD: 972
Emitente: 01206820000954 Serie: 3 Nota: 8832349 Emissao: 13/09/2018 Destino: 79430682026946 Id NDD: 973
202 000 Nao foram encontrados documentos para conexao cold 400 e CNPJ 79430682027080.
202 000 Nao foram encontrados documentos para conexao cold 400 e CNPJ 79430682027160.
202 000 Consulta realizada com sucesso
Emitente: 01206820000520 Serie: 3 Nota: 6988922 Emissao: 13/09/2018 Destino: 79430682027241 Id NDD: 974
Emitente: 45453214001042 Serie: 16 Nota: 0384197 Emissao: 13/09/2018 Destino: 79430682027241 Id NDD: 975
202 000 Nao foram encontrados documentos para conexao cold 400 e CNPJ 79430682027322.
202 000 Nao foram encontrados documentos para conexao cold 400 e CNPJ 79430682027403.
202 000 Nao foram encontrados documentos para conexao cold 400 e CNPJ 79430682027594.
202 000 Consulta realizada com sucesso
Emitente: 03786032000152 Serie: 4 Nota: 0036966 Emissao: 13/09/2018 Destino: 79430682027756 Id NDD: 976
202 000 Consulta realizada com sucesso
Emitente: 01206820000954 Serie: 3 Nota: 8831358 Emissao: 13/09/2018 Destino: 79430682027837 Id NDD: 977
Emitente: 01206820000954 Serie: 3 Nota: 8832434 Emissao: 13/09/2018 Destino: 79430682027837 Id NDD: 978
202 000 Consulta realizada com sucesso
Emitente: 01206820000954 Serie: 3 Nota: 8831566 Emissao: 13/09/2018 Destino: 79430682027918 Id NDD: 979
Emitente: 44463156000770 Serie: 57 Nota: 0729397 Emissao: 13/09/2018 Destino: 79430682027918 Id NDD: 980
202 000 Consulta realizada com sucesso
Emitente: 01206820000954 Serie: 3 Nota: 8831151 Emissao: 13/09/2018 Destino: 79430682028132 Id NDD: 981
Emitente: 01206820000954 Serie: 3 Nota: 8831150 Emissao: 13/09/2018 Destino: 79430682028132 Id NDD: 982
Emitente: 01206820000954 Serie: 3 Nota: 8831966 Emissao: 13/09/2018 Destino: 79430682028132 Id NDD: 983
202 000 Consulta realizada com sucesso
Emitente: 45453214002286 Serie: 13 Nota: 0848913 Emissao: 13/09/2018 Destino: 79430682028213 Id NDD: 984
Emitente: 01206820000954 Serie: 3 Nota: 8831092 Emissao: 13/09/2018 Destino: 79430682028213 Id NDD: 985
202 000 Consulta realizada com sucesso
Emitente: 01206820000954 Serie: 3 Nota: 8831270 Emissao: 13/09/2018 Destino: 79430682028302 Id NDD: 986
202 000 Consulta realizada com sucesso
Emitente: 01206820000954 Serie: 3 Nota: 8832330 Emissao: 13/09/2018 Destino: 79430682028485 Id NDD: 987
202 000 Consulta realizada com sucesso
Emitente: 01206820000954 Serie: 3 Nota: 8832042 Emissao: 13/09/2018 Destino: 79430682028566 Id NDD: 988
202 000 Consulta realizada com sucesso
Emitente: 01206820000954 Serie: 3 Nota: 8831105 Emissao: 13/09/2018 Destino: 79430682028728 Id NDD: 989
Emitente: 01206820000954 Serie: 3 Nota: 8831116 Emissao: 13/09/2018 Destino: 79430682028728 Id NDD: 990
202 000 Consulta realizada com sucesso
Emitente: 01206820000954 Serie: 3 Nota: 8831022 Emissao: 13/09/2018 Destino: 79430682028809 Id NDD: 991
202 000 Nao foram encontrados documentos para conexao cold 400 e CNPJ 79430682028990.
202 000 Consulta realizada com sucesso
Emitente: 45453214002286 Serie: 13 Nota: 0848841 Emissao: 13/09/2018 Destino: 79430682029023 Id NDD: 992
Emitente: 01206820000954 Serie: 3 Nota: 8831288 Emissao: 13/09/2018 Destino: 79430682029023 Id NDD: 993
Emitente: 01206820000954 Serie: 3 Nota: 8831159 Emissao: 13/09/2018 Destino: 79430682029023 Id NDD: 994
Emitente: 01206820000954 Serie: 3 Nota: 8832100 Emissao: 13/09/2018 Destino: 79430682029023 Id NDD: 995
Emitente: 44463156000770 Serie: 57 Nota: 0729211 Emissao: 13/09/2018 Destino: 79430682029023 Id NDD: 996
Emitente: 01206820000954 Serie: 3 Nota: 8832086 Emissao: 13/09/2018 Destino: 79430682029023 Id NDD: 997
202 000 Nao foram encontrados documentos para conexao cold 400 e CNPJ 79430682029295.
202 000 Consulta realizada com sucesso
Emitente: 44463156000770 Serie: 57 Nota: 0729213 Emissao: 13/09/2018 Destino: 79430682029376 Id NDD: 998
202 000 Nao foram encontrados documentos para conexao cold 400 e CNPJ 79430682029457.
202 000 Consulta realizada com sucesso
Emitente: 01206820000954 Serie: 3 Nota: 8831927 Emissao: 13/09/2018 Destino: 79430682029538 Id NDD: 999
202 000 Consulta realizada com sucesso
Emitente: 05651966001184 Serie: 5 Nota: 0310451 Emissao: 13/09/2018 Destino: 79430682029619 Id NDD: 1000
Emitente: 01206820000954 Serie: 3 Nota: 8831620 Emissao: 13/09/2018 Destino: 79430682029619 Id NDD: 1001
Emitente: 01206820000954 Serie: 3 Nota: 8831896 Emissao: 13/09/2018 Destino: 79430682029619 Id NDD: 1002
Emitente: 01206820000954 Serie: 3 Nota: 8832615 Emissao: 13/09/2018 Destino: 79430682029619 Id NDD: 1003
Emitente: 45453214002286 Serie: 13 Nota: 0849187 Emissao: 13/09/2018 Destino: 79430682029619 Id NDD: 1004
202 000 Consulta realizada com sucesso
Emitente: 01206820000954 Serie: 3 Nota: 8831056 Emissao: 13/09/2018 Destino: 79430682029708 Id NDD: 1005
Emitente: 01206820000954 Serie: 3 Nota: 8831032 Emissao: 13/09/2018 Destino: 79430682029708 Id NDD: 1006
Emitente: 01206820000954 Serie: 3 Nota: 8831223 Emissao: 13/09/2018 Destino: 79430682029708 Id NDD: 1007
Emitente: 05651966001184 Serie: 5 Nota: 0310396 Emissao: 13/09/2018 Destino: 79430682029708 Id NDD: 1008
Emitente: 44463156000770 Serie: 57 Nota: 0729375 Emissao: 13/09/2018 Destino: 79430682029708 Id NDD: 1009
Emitente: 45453214002286 Serie: 13 Nota: 0849152 Emissao: 13/09/2018 Destino: 79430682029708 Id NDD: 1010
Emitente: 45453214002286 Serie: 13 Nota: 0849151 Emissao: 13/09/2018 Destino: 79430682029708 Id NDD: 1011
202 000 Consulta realizada com sucesso
Emitente: 01206820000954 Serie: 3 Nota: 8832273 Emissao: 13/09/2018 Destino: 79430682029880 Id NDD: 1012
Emitente: 45453214002286 Serie: 13 Nota: 0849105 Emissao: 13/09/2018 Destino: 79430682029880 Id NDD: 1013
202 000 Nao foram encontrados documentos para conexao cold 400 e CNPJ 79430682029961.
202 000 Consulta realizada com sucesso
Emitente: 45453214002286 Serie: 13 Nota: 0848857 Emissao: 13/09/2018 Destino: 79430682030030 Id NDD: 1014
Emitente: 01206820000954 Serie: 3 Nota: 8832545 Emissao: 13/09/2018 Destino: 79430682030030 Id NDD: 1015
202 000 Consulta realizada com sucesso
Emitente: 01206820000954 Serie: 3 Nota: 8831399 Emissao: 13/09/2018 Destino: 79430682030110 Id NDD: 1016
Emitente: 01206820000954 Serie: 3 Nota: 8832576 Emissao: 13/09/2018 Destino: 79430682030110 Id NDD: 1017
Emitente: 01206820000954 Serie: 3 Nota: 8832529 Emissao: 13/09/2018 Destino: 79430682030110 Id NDD: 1018
202 000 Consulta realizada com sucesso
Emitente: 01206820000954 Serie: 3 Nota: 8831455 Emissao: 13/09/2018 Destino: 79430682030200 Id NDD: 1019
202 000 Consulta realizada com sucesso
Emitente: 01206820000954 Serie: 3 Nota: 8831745 Emissao: 13/09/2018 Destino: 79430682030382 Id NDD: 1020
202 000 Consulta realizada com sucesso
Emitente: 05651966001184 Serie: 5 Nota: 0310250 Emissao: 13/09/2018 Destino: 79430682030463 Id NDD: 1021
Emitente: 01206820000954 Serie: 3 Nota: 8832705 Emissao: 13/09/2018 Destino: 79430682030463 Id NDD: 1022
202 000 Nao foram encontrados documentos para conexao cold 400 e CNPJ 79430682030544.
202 000 Consulta realizada com sucesso
Emitente: 01206820000954 Serie: 3 Nota: 8832136 Emissao: 13/09/2018 Destino: 79430682030625 Id NDD: 1023
202 000 Consulta realizada com sucesso
Emitente: 01206820000954 Serie: 3 Nota: 8832375 Emissao: 13/09/2018 Destino: 79430682030706 Id NDD: 1024
Emitente: 01206820000954 Serie: 3 Nota: 8832380 Emissao: 13/09/2018 Destino: 79430682030706 Id NDD: 1025
Emitente: 01206820000954 Serie: 3 Nota: 8832370 Emissao: 13/09/2018 Destino: 79430682030706 Id NDD: 1026
202 000 Nao foram encontrados documentos para conexao cold 400 e CNPJ 79430682030897.
202 000 Consulta realizada com sucesso
Emitente: 44463156000770 Serie: 57 Nota: 0729377 Emissao: 13/09/2018 Destino: 79430682030978 Id NDD: 1027
202 000 Consulta realizada com sucesso
Emitente: 01206820000520 Serie: 3 Nota: 6988831 Emissao: 13/09/2018 Destino: 79430682031001 Id NDD: 1028
202 000 Consulta realizada com sucesso
Emitente: 45453214002286 Serie: 13 Nota: 0848856 Emissao: 13/09/2018 Destino: 79430682031192 Id NDD: 1029
Emitente: 01206820000954 Serie: 3 Nota: 8831354 Emissao: 13/09/2018 Destino: 79430682031192 Id NDD: 1030
Emitente: 01206820000954 Serie: 3 Nota: 8832618 Emissao: 13/09/2018 Destino: 79430682031192 Id NDD: 1031
202 000 Nao foram encontrados documentos para conexao cold 400 e CNPJ 79430682031273.
202 000 Nao foram encontrados documentos para conexao cold 400 e CNPJ 79430682031354.
202 000 Nao foram encontrados documentos para conexao cold 400 e CNPJ 79430682031435.
202 000 Nao foram encontrados documentos para conexao cold 400 e CNPJ 79430682031516.
202 000 Nao foram encontrados documentos para conexao cold 400 e CNPJ 79430682031605.
202 000 Nao foram encontrados documentos para conexao cold 400 e CNPJ 99999999999962.
